INFO:root:batch size is 16
INFO:root:max embedding lengtth is 128
INFO:root:======== Epoch 1 / 4 ========
INFO:root:Training...
INFO:root:  Batch    40  of  9,362.    Elapsed: 0:00:07.
INFO:root:  Batch    80  of  9,362.    Elapsed: 0:00:14.
INFO:root:  Batch   120  of  9,362.    Elapsed: 0:00:20.
INFO:root:  Batch   160  of  9,362.    Elapsed: 0:00:27.
INFO:root:  Batch   200  of  9,362.    Elapsed: 0:00:34.
INFO:root:  Batch   240  of  9,362.    Elapsed: 0:00:40.
INFO:root:  Batch   280  of  9,362.    Elapsed: 0:00:47.
INFO:root:  Batch   320  of  9,362.    Elapsed: 0:00:53.
INFO:root:  Batch   360  of  9,362.    Elapsed: 0:01:00.
INFO:root:  Batch   400  of  9,362.    Elapsed: 0:01:07.
INFO:root:  Batch   440  of  9,362.    Elapsed: 0:01:13.
INFO:root:  Batch   480  of  9,362.    Elapsed: 0:01:20.
INFO:root:  Batch   520  of  9,362.    Elapsed: 0:01:26.
INFO:root:  Batch   560  of  9,362.    Elapsed: 0:01:33.
INFO:root:  Batch   600  of  9,362.    Elapsed: 0:01:40.
INFO:root:  Batch   640  of  9,362.    Elapsed: 0:01:46.
INFO:root:  Batch   680  of  9,362.    Elapsed: 0:01:53.
INFO:root:  Batch   720  of  9,362.    Elapsed: 0:02:00.
INFO:root:  Batch   760  of  9,362.    Elapsed: 0:02:06.
INFO:root:  Batch   800  of  9,362.    Elapsed: 0:02:13.
INFO:root:  Batch   840  of  9,362.    Elapsed: 0:02:19.
INFO:root:  Batch   880  of  9,362.    Elapsed: 0:02:26.
INFO:root:  Batch   920  of  9,362.    Elapsed: 0:02:33.
INFO:root:  Batch   960  of  9,362.    Elapsed: 0:02:39.
INFO:root:  Batch 1,000  of  9,362.    Elapsed: 0:02:46.
INFO:root:  Batch 1,040  of  9,362.    Elapsed: 0:02:52.
INFO:root:  Batch 1,080  of  9,362.    Elapsed: 0:02:59.
INFO:root:  Batch 1,120  of  9,362.    Elapsed: 0:03:06.
INFO:root:  Batch 1,160  of  9,362.    Elapsed: 0:03:12.
INFO:root:  Batch 1,200  of  9,362.    Elapsed: 0:03:19.
INFO:root:  Batch 1,240  of  9,362.    Elapsed: 0:03:25.
INFO:root:  Batch 1,280  of  9,362.    Elapsed: 0:03:32.
INFO:root:  Batch 1,320  of  9,362.    Elapsed: 0:03:39.
INFO:root:  Batch 1,360  of  9,362.    Elapsed: 0:03:45.
INFO:root:  Batch 1,400  of  9,362.    Elapsed: 0:03:52.
INFO:root:  Batch 1,440  of  9,362.    Elapsed: 0:03:59.
INFO:root:  Batch 1,480  of  9,362.    Elapsed: 0:04:05.
INFO:root:  Batch 1,520  of  9,362.    Elapsed: 0:04:12.
INFO:root:  Batch 1,560  of  9,362.    Elapsed: 0:04:18.
INFO:root:  Batch 1,600  of  9,362.    Elapsed: 0:04:25.
INFO:root:  Batch 1,640  of  9,362.    Elapsed: 0:04:32.
INFO:root:  Batch 1,680  of  9,362.    Elapsed: 0:04:38.
INFO:root:  Batch 1,720  of  9,362.    Elapsed: 0:04:45.
INFO:root:  Batch 1,760  of  9,362.    Elapsed: 0:04:51.
INFO:root:  Batch 1,800  of  9,362.    Elapsed: 0:04:58.
INFO:root:  Batch 1,840  of  9,362.    Elapsed: 0:05:05.
INFO:root:  Batch 1,880  of  9,362.    Elapsed: 0:05:11.
INFO:root:  Batch 1,920  of  9,362.    Elapsed: 0:05:18.
INFO:root:  Batch 1,960  of  9,362.    Elapsed: 0:05:25.
INFO:root:  Batch 2,000  of  9,362.    Elapsed: 0:05:31.
INFO:root:  Batch 2,040  of  9,362.    Elapsed: 0:05:38.
INFO:root:  Batch 2,080  of  9,362.    Elapsed: 0:05:44.
INFO:root:  Batch 2,120  of  9,362.    Elapsed: 0:05:51.
INFO:root:  Batch 2,160  of  9,362.    Elapsed: 0:05:58.
INFO:root:  Batch 2,200  of  9,362.    Elapsed: 0:06:04.
INFO:root:  Batch 2,240  of  9,362.    Elapsed: 0:06:11.
INFO:root:  Batch 2,280  of  9,362.    Elapsed: 0:06:18.
INFO:root:  Batch 2,320  of  9,362.    Elapsed: 0:06:24.
INFO:root:  Batch 2,360  of  9,362.    Elapsed: 0:06:31.
INFO:root:  Batch 2,400  of  9,362.    Elapsed: 0:06:37.
INFO:root:  Batch 2,440  of  9,362.    Elapsed: 0:06:44.
INFO:root:  Batch 2,480  of  9,362.    Elapsed: 0:06:51.
INFO:root:  Batch 2,520  of  9,362.    Elapsed: 0:06:57.
INFO:root:  Batch 2,560  of  9,362.    Elapsed: 0:07:04.
INFO:root:  Batch 2,600  of  9,362.    Elapsed: 0:07:10.
INFO:root:  Batch 2,640  of  9,362.    Elapsed: 0:07:17.
INFO:root:  Batch 2,680  of  9,362.    Elapsed: 0:07:24.
INFO:root:  Batch 2,720  of  9,362.    Elapsed: 0:07:30.
INFO:root:  Batch 2,760  of  9,362.    Elapsed: 0:07:37.
INFO:root:  Batch 2,800  of  9,362.    Elapsed: 0:07:43.
INFO:root:  Batch 2,840  of  9,362.    Elapsed: 0:07:50.
INFO:root:  Batch 2,880  of  9,362.    Elapsed: 0:07:57.
INFO:root:  Batch 2,920  of  9,362.    Elapsed: 0:08:03.
INFO:root:  Batch 2,960  of  9,362.    Elapsed: 0:08:10.
INFO:root:  Batch 3,000  of  9,362.    Elapsed: 0:08:17.
INFO:root:  Batch 3,040  of  9,362.    Elapsed: 0:08:23.
INFO:root:  Batch 3,080  of  9,362.    Elapsed: 0:08:30.
INFO:root:  Batch 3,120  of  9,362.    Elapsed: 0:08:36.
INFO:root:  Batch 3,160  of  9,362.    Elapsed: 0:08:43.
INFO:root:  Batch 3,200  of  9,362.    Elapsed: 0:08:50.
INFO:root:  Batch 3,240  of  9,362.    Elapsed: 0:08:56.
INFO:root:  Batch 3,280  of  9,362.    Elapsed: 0:09:03.
INFO:root:  Batch 3,320  of  9,362.    Elapsed: 0:09:10.
INFO:root:  Batch 3,360  of  9,362.    Elapsed: 0:09:16.
INFO:root:  Batch 3,400  of  9,362.    Elapsed: 0:09:23.
INFO:root:  Batch 3,440  of  9,362.    Elapsed: 0:09:29.
INFO:root:  Batch 3,480  of  9,362.    Elapsed: 0:09:36.
INFO:root:  Batch 3,520  of  9,362.    Elapsed: 0:09:43.
INFO:root:  Batch 3,560  of  9,362.    Elapsed: 0:09:50.
INFO:root:  Batch 3,600  of  9,362.    Elapsed: 0:09:57.
INFO:root:  Batch 3,640  of  9,362.    Elapsed: 0:10:03.
INFO:root:  Batch 3,680  of  9,362.    Elapsed: 0:10:10.
INFO:root:  Batch 3,720  of  9,362.    Elapsed: 0:10:16.
INFO:root:  Batch 3,760  of  9,362.    Elapsed: 0:10:23.
INFO:root:  Batch 3,800  of  9,362.    Elapsed: 0:10:30.
INFO:root:  Batch 3,840  of  9,362.    Elapsed: 0:10:36.
INFO:root:  Batch 3,880  of  9,362.    Elapsed: 0:10:43.
INFO:root:  Batch 3,920  of  9,362.    Elapsed: 0:10:49.
INFO:root:  Batch 3,960  of  9,362.    Elapsed: 0:10:56.
INFO:root:  Batch 4,000  of  9,362.    Elapsed: 0:11:03.
INFO:root:  Batch 4,040  of  9,362.    Elapsed: 0:11:09.
INFO:root:  Batch 4,080  of  9,362.    Elapsed: 0:11:16.
INFO:root:  Batch 4,120  of  9,362.    Elapsed: 0:11:24.
INFO:root:  Batch 4,160  of  9,362.    Elapsed: 0:11:30.
INFO:root:  Batch 4,200  of  9,362.    Elapsed: 0:11:37.
INFO:root:  Batch 4,240  of  9,362.    Elapsed: 0:11:44.
INFO:root:  Batch 4,280  of  9,362.    Elapsed: 0:11:50.
INFO:root:  Batch 4,320  of  9,362.    Elapsed: 0:11:57.
INFO:root:  Batch 4,360  of  9,362.    Elapsed: 0:12:03.
INFO:root:  Batch 4,400  of  9,362.    Elapsed: 0:12:10.
INFO:root:  Batch 4,440  of  9,362.    Elapsed: 0:12:17.
INFO:root:  Batch 4,480  of  9,362.    Elapsed: 0:12:23.
INFO:root:  Batch 4,520  of  9,362.    Elapsed: 0:12:30.
INFO:root:  Batch 4,560  of  9,362.    Elapsed: 0:12:37.
INFO:root:  Batch 4,600  of  9,362.    Elapsed: 0:12:43.
INFO:root:  Batch 4,640  of  9,362.    Elapsed: 0:12:50.
INFO:root:  Batch 4,680  of  9,362.    Elapsed: 0:12:56.
INFO:root:  Batch 4,720  of  9,362.    Elapsed: 0:13:03.
INFO:root:  Batch 4,760  of  9,362.    Elapsed: 0:13:10.
INFO:root:  Batch 4,800  of  9,362.    Elapsed: 0:13:16.
INFO:root:  Batch 4,840  of  9,362.    Elapsed: 0:13:23.
INFO:root:  Batch 4,880  of  9,362.    Elapsed: 0:13:30.
INFO:root:  Batch 4,920  of  9,362.    Elapsed: 0:13:36.
INFO:root:  Batch 4,960  of  9,362.    Elapsed: 0:13:43.
INFO:root:  Batch 5,000  of  9,362.    Elapsed: 0:13:49.
INFO:root:  Batch 5,040  of  9,362.    Elapsed: 0:13:56.
INFO:root:  Batch 5,080  of  9,362.    Elapsed: 0:14:03.
INFO:root:  Batch 5,120  of  9,362.    Elapsed: 0:14:09.
INFO:root:  Batch 5,160  of  9,362.    Elapsed: 0:14:16.
INFO:root:  Batch 5,200  of  9,362.    Elapsed: 0:14:23.
INFO:root:  Batch 5,240  of  9,362.    Elapsed: 0:14:29.
INFO:root:  Batch 5,280  of  9,362.    Elapsed: 0:14:36.
INFO:root:  Batch 5,320  of  9,362.    Elapsed: 0:14:42.
INFO:root:  Batch 5,360  of  9,362.    Elapsed: 0:14:49.
INFO:root:  Batch 5,400  of  9,362.    Elapsed: 0:14:56.
INFO:root:  Batch 5,440  of  9,362.    Elapsed: 0:15:02.
INFO:root:  Batch 5,480  of  9,362.    Elapsed: 0:15:09.
INFO:root:  Batch 5,520  of  9,362.    Elapsed: 0:15:15.
INFO:root:  Batch 5,560  of  9,362.    Elapsed: 0:15:22.
INFO:root:  Batch 5,600  of  9,362.    Elapsed: 0:15:29.
INFO:root:  Batch 5,640  of  9,362.    Elapsed: 0:15:35.
INFO:root:  Batch 5,680  of  9,362.    Elapsed: 0:15:42.
INFO:root:  Batch 5,720  of  9,362.    Elapsed: 0:15:49.
INFO:root:  Batch 5,760  of  9,362.    Elapsed: 0:15:55.
INFO:root:  Batch 5,800  of  9,362.    Elapsed: 0:16:02.
INFO:root:  Batch 5,840  of  9,362.    Elapsed: 0:16:08.
INFO:root:  Batch 5,880  of  9,362.    Elapsed: 0:16:15.
INFO:root:  Batch 5,920  of  9,362.    Elapsed: 0:16:22.
INFO:root:  Batch 5,960  of  9,362.    Elapsed: 0:16:28.
INFO:root:  Batch 6,000  of  9,362.    Elapsed: 0:16:35.
INFO:root:  Batch 6,040  of  9,362.    Elapsed: 0:16:42.
INFO:root:  Batch 6,080  of  9,362.    Elapsed: 0:16:48.
INFO:root:  Batch 6,120  of  9,362.    Elapsed: 0:16:55.
INFO:root:  Batch 6,160  of  9,362.    Elapsed: 0:17:02.
INFO:root:  Batch 6,200  of  9,362.    Elapsed: 0:17:08.
INFO:root:  Batch 6,240  of  9,362.    Elapsed: 0:17:15.
INFO:root:  Batch 6,280  of  9,362.    Elapsed: 0:17:22.
INFO:root:  Batch 6,320  of  9,362.    Elapsed: 0:17:28.
INFO:root:  Batch 6,360  of  9,362.    Elapsed: 0:17:35.
INFO:root:  Batch 6,400  of  9,362.    Elapsed: 0:17:41.
INFO:root:  Batch 6,440  of  9,362.    Elapsed: 0:17:48.
INFO:root:  Batch 6,480  of  9,362.    Elapsed: 0:17:55.
INFO:root:  Batch 6,520  of  9,362.    Elapsed: 0:18:01.
INFO:root:  Batch 6,560  of  9,362.    Elapsed: 0:18:08.
INFO:root:  Batch 6,600  of  9,362.    Elapsed: 0:18:15.
INFO:root:  Batch 6,640  of  9,362.    Elapsed: 0:18:21.
INFO:root:  Batch 6,680  of  9,362.    Elapsed: 0:18:28.
INFO:root:  Batch 6,720  of  9,362.    Elapsed: 0:18:35.
INFO:root:  Batch 6,760  of  9,362.    Elapsed: 0:18:41.
INFO:root:  Batch 6,800  of  9,362.    Elapsed: 0:18:49.
INFO:root:  Batch 6,840  of  9,362.    Elapsed: 0:18:55.
INFO:root:  Batch 6,880  of  9,362.    Elapsed: 0:19:02.
INFO:root:  Batch 6,920  of  9,362.    Elapsed: 0:19:09.
INFO:root:  Batch 6,960  of  9,362.    Elapsed: 0:19:17.
INFO:root:  Batch 7,000  of  9,362.    Elapsed: 0:19:24.
INFO:root:  Batch 7,040  of  9,362.    Elapsed: 0:19:31.
INFO:root:  Batch 7,080  of  9,362.    Elapsed: 0:19:37.
INFO:root:  Batch 7,120  of  9,362.    Elapsed: 0:19:44.
INFO:root:  Batch 7,160  of  9,362.    Elapsed: 0:19:50.
INFO:root:  Batch 7,200  of  9,362.    Elapsed: 0:19:57.
INFO:root:  Batch 7,240  of  9,362.    Elapsed: 0:20:04.
INFO:root:  Batch 7,280  of  9,362.    Elapsed: 0:20:10.
INFO:root:  Batch 7,320  of  9,362.    Elapsed: 0:20:17.
INFO:root:  Batch 7,360  of  9,362.    Elapsed: 0:20:24.
INFO:root:  Batch 7,400  of  9,362.    Elapsed: 0:20:30.
INFO:root:  Batch 7,440  of  9,362.    Elapsed: 0:20:37.
INFO:root:  Batch 7,480  of  9,362.    Elapsed: 0:20:43.
INFO:root:  Batch 7,520  of  9,362.    Elapsed: 0:20:50.
INFO:root:  Batch 7,560  of  9,362.    Elapsed: 0:20:57.
INFO:root:  Batch 7,600  of  9,362.    Elapsed: 0:21:03.
INFO:root:  Batch 7,640  of  9,362.    Elapsed: 0:21:10.
INFO:root:  Batch 7,680  of  9,362.    Elapsed: 0:21:16.
INFO:root:  Batch 7,720  of  9,362.    Elapsed: 0:21:23.
INFO:root:  Batch 7,760  of  9,362.    Elapsed: 0:21:30.
INFO:root:  Batch 7,800  of  9,362.    Elapsed: 0:21:36.
INFO:root:  Batch 7,840  of  9,362.    Elapsed: 0:21:43.
INFO:root:  Batch 7,880  of  9,362.    Elapsed: 0:21:50.
INFO:root:  Batch 7,920  of  9,362.    Elapsed: 0:21:56.
INFO:root:  Batch 7,960  of  9,362.    Elapsed: 0:22:03.
INFO:root:  Batch 8,000  of  9,362.    Elapsed: 0:22:09.
INFO:root:  Batch 8,040  of  9,362.    Elapsed: 0:22:16.
INFO:root:  Batch 8,080  of  9,362.    Elapsed: 0:22:23.
INFO:root:  Batch 8,120  of  9,362.    Elapsed: 0:22:29.
INFO:root:  Batch 8,160  of  9,362.    Elapsed: 0:22:36.
INFO:root:  Batch 8,200  of  9,362.    Elapsed: 0:22:42.
INFO:root:  Batch 8,240  of  9,362.    Elapsed: 0:22:49.
INFO:root:  Batch 8,280  of  9,362.    Elapsed: 0:22:56.
INFO:root:  Batch 8,320  of  9,362.    Elapsed: 0:23:02.
INFO:root:  Batch 8,360  of  9,362.    Elapsed: 0:23:09.
INFO:root:  Batch 8,400  of  9,362.    Elapsed: 0:23:15.
INFO:root:  Batch 8,440  of  9,362.    Elapsed: 0:23:22.
INFO:root:  Batch 8,480  of  9,362.    Elapsed: 0:23:29.
INFO:root:  Batch 8,520  of  9,362.    Elapsed: 0:23:35.
INFO:root:  Batch 8,560  of  9,362.    Elapsed: 0:23:42.
INFO:root:  Batch 8,600  of  9,362.    Elapsed: 0:23:48.
INFO:root:  Batch 8,640  of  9,362.    Elapsed: 0:23:55.
INFO:root:  Batch 8,680  of  9,362.    Elapsed: 0:24:01.
INFO:root:  Batch 8,720  of  9,362.    Elapsed: 0:24:08.
INFO:root:  Batch 8,760  of  9,362.    Elapsed: 0:24:15.
INFO:root:  Batch 8,800  of  9,362.    Elapsed: 0:24:21.
INFO:root:  Batch 8,840  of  9,362.    Elapsed: 0:24:28.
INFO:root:  Batch 8,880  of  9,362.    Elapsed: 0:24:34.
INFO:root:  Batch 8,920  of  9,362.    Elapsed: 0:24:41.
INFO:root:  Batch 8,960  of  9,362.    Elapsed: 0:24:48.
INFO:root:  Batch 9,000  of  9,362.    Elapsed: 0:24:54.
INFO:root:  Batch 9,040  of  9,362.    Elapsed: 0:25:01.
INFO:root:  Batch 9,080  of  9,362.    Elapsed: 0:25:08.
INFO:root:  Batch 9,120  of  9,362.    Elapsed: 0:25:15.
INFO:root:  Batch 9,160  of  9,362.    Elapsed: 0:25:21.
INFO:root:  Batch 9,200  of  9,362.    Elapsed: 0:25:28.
INFO:root:  Batch 9,240  of  9,362.    Elapsed: 0:25:35.
INFO:root:  Batch 9,280  of  9,362.    Elapsed: 0:25:41.
INFO:root:  Batch 9,320  of  9,362.    Elapsed: 0:25:48.
INFO:root:  Batch 9,360  of  9,362.    Elapsed: 0:25:55.
INFO:root:
INFO:root:  Average training loss: 0.12
INFO:root:  Training epcoh took: 0:25:55
INFO:root:
INFO:root:Running Validation...
INFO:root:  Accuracy: 0.96
INFO:root:  Validation took: 0:02:48
INFO:root:======== Epoch 2 / 4 ========
INFO:root:Training...
INFO:root:  Batch    40  of  9,362.    Elapsed: 0:00:07.
INFO:root:  Batch    80  of  9,362.    Elapsed: 0:00:13.
INFO:root:  Batch   120  of  9,362.    Elapsed: 0:00:20.
INFO:root:  Batch   160  of  9,362.    Elapsed: 0:00:26.
INFO:root:  Batch   200  of  9,362.    Elapsed: 0:00:33.
INFO:root:  Batch   240  of  9,362.    Elapsed: 0:00:40.
INFO:root:  Batch   280  of  9,362.    Elapsed: 0:00:46.
INFO:root:  Batch   320  of  9,362.    Elapsed: 0:00:53.
INFO:root:  Batch   360  of  9,362.    Elapsed: 0:01:00.
INFO:root:  Batch   400  of  9,362.    Elapsed: 0:01:06.
INFO:root:  Batch   440  of  9,362.    Elapsed: 0:01:13.
INFO:root:  Batch   480  of  9,362.    Elapsed: 0:01:19.
INFO:root:  Batch   520  of  9,362.    Elapsed: 0:01:26.
INFO:root:  Batch   560  of  9,362.    Elapsed: 0:01:33.
INFO:root:  Batch   600  of  9,362.    Elapsed: 0:01:39.
INFO:root:  Batch   640  of  9,362.    Elapsed: 0:01:46.
INFO:root:  Batch   680  of  9,362.    Elapsed: 0:01:52.
INFO:root:  Batch   720  of  9,362.    Elapsed: 0:01:59.
INFO:root:  Batch   760  of  9,362.    Elapsed: 0:02:05.
INFO:root:  Batch   800  of  9,362.    Elapsed: 0:02:12.
INFO:root:  Batch   840  of  9,362.    Elapsed: 0:02:19.
INFO:root:  Batch   880  of  9,362.    Elapsed: 0:02:25.
INFO:root:  Batch   920  of  9,362.    Elapsed: 0:02:32.
INFO:root:  Batch   960  of  9,362.    Elapsed: 0:02:38.
INFO:root:  Batch 1,000  of  9,362.    Elapsed: 0:02:45.
INFO:root:  Batch 1,040  of  9,362.    Elapsed: 0:02:51.
INFO:root:  Batch 1,080  of  9,362.    Elapsed: 0:02:58.
INFO:root:  Batch 1,120  of  9,362.    Elapsed: 0:03:05.
INFO:root:  Batch 1,160  of  9,362.    Elapsed: 0:03:11.
INFO:root:  Batch 1,200  of  9,362.    Elapsed: 0:03:18.
INFO:root:  Batch 1,240  of  9,362.    Elapsed: 0:03:24.
INFO:root:  Batch 1,280  of  9,362.    Elapsed: 0:03:31.
INFO:root:  Batch 1,320  of  9,362.    Elapsed: 0:03:37.
INFO:root:  Batch 1,360  of  9,362.    Elapsed: 0:03:44.
INFO:root:  Batch 1,400  of  9,362.    Elapsed: 0:03:51.
INFO:root:  Batch 1,440  of  9,362.    Elapsed: 0:03:58.
INFO:root:  Batch 1,480  of  9,362.    Elapsed: 0:04:04.
INFO:root:  Batch 1,520  of  9,362.    Elapsed: 0:04:11.
INFO:root:  Batch 1,560  of  9,362.    Elapsed: 0:04:18.
INFO:root:  Batch 1,600  of  9,362.    Elapsed: 0:04:24.
INFO:root:  Batch 1,640  of  9,362.    Elapsed: 0:04:31.
INFO:root:  Batch 1,680  of  9,362.    Elapsed: 0:04:37.
INFO:root:  Batch 1,720  of  9,362.    Elapsed: 0:04:44.
INFO:root:  Batch 1,760  of  9,362.    Elapsed: 0:04:51.
INFO:root:  Batch 1,800  of  9,362.    Elapsed: 0:04:57.
INFO:root:  Batch 1,840  of  9,362.    Elapsed: 0:05:04.
INFO:root:  Batch 1,880  of  9,362.    Elapsed: 0:05:10.
INFO:root:  Batch 1,920  of  9,362.    Elapsed: 0:05:17.
INFO:root:  Batch 1,960  of  9,362.    Elapsed: 0:05:24.
INFO:root:  Batch 2,000  of  9,362.    Elapsed: 0:05:30.
INFO:root:  Batch 2,040  of  9,362.    Elapsed: 0:05:37.
INFO:root:  Batch 2,080  of  9,362.    Elapsed: 0:05:43.
INFO:root:  Batch 2,120  of  9,362.    Elapsed: 0:05:50.
INFO:root:  Batch 2,160  of  9,362.    Elapsed: 0:05:57.
INFO:root:  Batch 2,200  of  9,362.    Elapsed: 0:06:03.
INFO:root:  Batch 2,240  of  9,362.    Elapsed: 0:06:10.
INFO:root:  Batch 2,280  of  9,362.    Elapsed: 0:06:16.
INFO:root:  Batch 2,320  of  9,362.    Elapsed: 0:06:23.
INFO:root:  Batch 2,360  of  9,362.    Elapsed: 0:06:29.
INFO:root:  Batch 2,400  of  9,362.    Elapsed: 0:06:36.
INFO:root:  Batch 2,440  of  9,362.    Elapsed: 0:06:43.
INFO:root:  Batch 2,480  of  9,362.    Elapsed: 0:06:49.
INFO:root:  Batch 2,520  of  9,362.    Elapsed: 0:06:56.
INFO:root:  Batch 2,560  of  9,362.    Elapsed: 0:07:02.
INFO:root:  Batch 2,600  of  9,362.    Elapsed: 0:07:09.
INFO:root:  Batch 2,640  of  9,362.    Elapsed: 0:07:16.
INFO:root:  Batch 2,680  of  9,362.    Elapsed: 0:07:22.
INFO:root:  Batch 2,720  of  9,362.    Elapsed: 0:07:29.
INFO:root:  Batch 2,760  of  9,362.    Elapsed: 0:07:35.
INFO:root:  Batch 2,800  of  9,362.    Elapsed: 0:07:42.
INFO:root:  Batch 2,840  of  9,362.    Elapsed: 0:07:48.
INFO:root:  Batch 2,880  of  9,362.    Elapsed: 0:07:55.
INFO:root:  Batch 2,920  of  9,362.    Elapsed: 0:08:02.
INFO:root:  Batch 2,960  of  9,362.    Elapsed: 0:08:08.
INFO:root:  Batch 3,000  of  9,362.    Elapsed: 0:08:15.
INFO:root:  Batch 3,040  of  9,362.    Elapsed: 0:08:21.
INFO:root:  Batch 3,080  of  9,362.    Elapsed: 0:08:28.
INFO:root:  Batch 3,120  of  9,362.    Elapsed: 0:08:35.
INFO:root:  Batch 3,160  of  9,362.    Elapsed: 0:08:41.
INFO:root:  Batch 3,200  of  9,362.    Elapsed: 0:08:48.
INFO:root:  Batch 3,240  of  9,362.    Elapsed: 0:08:54.
INFO:root:  Batch 3,280  of  9,362.    Elapsed: 0:09:01.
INFO:root:  Batch 3,320  of  9,362.    Elapsed: 0:09:07.
INFO:root:  Batch 3,360  of  9,362.    Elapsed: 0:09:14.
INFO:root:  Batch 3,400  of  9,362.    Elapsed: 0:09:21.
INFO:root:  Batch 3,440  of  9,362.    Elapsed: 0:09:27.
INFO:root:  Batch 3,480  of  9,362.    Elapsed: 0:09:34.
INFO:root:  Batch 3,520  of  9,362.    Elapsed: 0:09:40.
INFO:root:  Batch 3,560  of  9,362.    Elapsed: 0:09:47.
INFO:root:  Batch 3,600  of  9,362.    Elapsed: 0:09:53.
INFO:root:  Batch 3,640  of  9,362.    Elapsed: 0:10:00.
INFO:root:  Batch 3,680  of  9,362.    Elapsed: 0:10:07.
INFO:root:  Batch 3,720  of  9,362.    Elapsed: 0:10:13.
INFO:root:  Batch 3,760  of  9,362.    Elapsed: 0:10:20.
INFO:root:  Batch 3,800  of  9,362.    Elapsed: 0:10:26.
INFO:root:  Batch 3,840  of  9,362.    Elapsed: 0:10:33.
INFO:root:  Batch 3,880  of  9,362.    Elapsed: 0:10:40.
INFO:root:  Batch 3,920  of  9,362.    Elapsed: 0:10:46.
INFO:root:  Batch 3,960  of  9,362.    Elapsed: 0:10:53.
INFO:root:  Batch 4,000  of  9,362.    Elapsed: 0:10:59.
INFO:root:  Batch 4,040  of  9,362.    Elapsed: 0:11:06.
INFO:root:  Batch 4,080  of  9,362.    Elapsed: 0:11:13.
INFO:root:  Batch 4,120  of  9,362.    Elapsed: 0:11:19.
INFO:root:  Batch 4,160  of  9,362.    Elapsed: 0:11:26.
INFO:root:  Batch 4,200  of  9,362.    Elapsed: 0:11:32.
INFO:root:  Batch 4,240  of  9,362.    Elapsed: 0:11:39.
INFO:root:  Batch 4,280  of  9,362.    Elapsed: 0:11:46.
INFO:root:  Batch 4,320  of  9,362.    Elapsed: 0:11:52.
INFO:root:  Batch 4,360  of  9,362.    Elapsed: 0:11:59.
INFO:root:  Batch 4,400  of  9,362.    Elapsed: 0:12:05.
INFO:root:  Batch 4,440  of  9,362.    Elapsed: 0:12:12.
INFO:root:  Batch 4,480  of  9,362.    Elapsed: 0:12:18.
INFO:root:  Batch 4,520  of  9,362.    Elapsed: 0:12:25.
INFO:root:  Batch 4,560  of  9,362.    Elapsed: 0:12:32.
INFO:root:  Batch 4,600  of  9,362.    Elapsed: 0:12:38.
INFO:root:  Batch 4,640  of  9,362.    Elapsed: 0:12:45.
INFO:root:  Batch 4,680  of  9,362.    Elapsed: 0:12:51.
INFO:root:  Batch 4,720  of  9,362.    Elapsed: 0:12:58.
INFO:root:  Batch 4,760  of  9,362.    Elapsed: 0:13:05.
INFO:root:  Batch 4,800  of  9,362.    Elapsed: 0:13:11.
INFO:root:  Batch 4,840  of  9,362.    Elapsed: 0:13:18.
INFO:root:  Batch 4,880  of  9,362.    Elapsed: 0:13:24.
INFO:root:  Batch 4,920  of  9,362.    Elapsed: 0:13:31.
INFO:root:  Batch 4,960  of  9,362.    Elapsed: 0:13:38.
INFO:root:  Batch 5,000  of  9,362.    Elapsed: 0:13:44.
INFO:root:  Batch 5,040  of  9,362.    Elapsed: 0:13:51.
INFO:root:  Batch 5,080  of  9,362.    Elapsed: 0:13:57.
INFO:root:  Batch 5,120  of  9,362.    Elapsed: 0:14:04.
INFO:root:  Batch 5,160  of  9,362.    Elapsed: 0:14:10.
INFO:root:  Batch 5,200  of  9,362.    Elapsed: 0:14:17.
INFO:root:  Batch 5,240  of  9,362.    Elapsed: 0:14:24.
INFO:root:  Batch 5,280  of  9,362.    Elapsed: 0:14:30.
INFO:root:  Batch 5,320  of  9,362.    Elapsed: 0:14:37.
INFO:root:  Batch 5,360  of  9,362.    Elapsed: 0:14:43.
INFO:root:  Batch 5,400  of  9,362.    Elapsed: 0:14:50.
INFO:root:  Batch 5,440  of  9,362.    Elapsed: 0:14:57.
INFO:root:  Batch 5,480  of  9,362.    Elapsed: 0:15:03.
INFO:root:  Batch 5,520  of  9,362.    Elapsed: 0:15:10.
INFO:root:  Batch 5,560  of  9,362.    Elapsed: 0:15:16.
INFO:root:  Batch 5,600  of  9,362.    Elapsed: 0:15:23.
INFO:root:  Batch 5,640  of  9,362.    Elapsed: 0:15:30.
INFO:root:  Batch 5,680  of  9,362.    Elapsed: 0:15:36.
INFO:root:  Batch 5,720  of  9,362.    Elapsed: 0:15:43.
INFO:root:  Batch 5,760  of  9,362.    Elapsed: 0:15:49.
INFO:root:  Batch 5,800  of  9,362.    Elapsed: 0:15:56.
INFO:root:  Batch 5,840  of  9,362.    Elapsed: 0:16:02.
INFO:root:  Batch 5,880  of  9,362.    Elapsed: 0:16:09.
INFO:root:  Batch 5,920  of  9,362.    Elapsed: 0:16:16.
INFO:root:  Batch 5,960  of  9,362.    Elapsed: 0:16:22.
INFO:root:  Batch 6,000  of  9,362.    Elapsed: 0:16:29.
INFO:root:  Batch 6,040  of  9,362.    Elapsed: 0:16:35.
INFO:root:  Batch 6,080  of  9,362.    Elapsed: 0:16:42.
INFO:root:  Batch 6,120  of  9,362.    Elapsed: 0:16:49.
INFO:root:  Batch 6,160  of  9,362.    Elapsed: 0:16:55.
INFO:root:  Batch 6,200  of  9,362.    Elapsed: 0:17:02.
INFO:root:  Batch 6,240  of  9,362.    Elapsed: 0:17:08.
INFO:root:  Batch 6,280  of  9,362.    Elapsed: 0:17:15.
INFO:root:  Batch 6,320  of  9,362.    Elapsed: 0:17:22.
INFO:root:  Batch 6,360  of  9,362.    Elapsed: 0:17:30.
INFO:root:  Batch 6,400  of  9,362.    Elapsed: 0:17:36.
INFO:root:  Batch 6,440  of  9,362.    Elapsed: 0:17:43.
INFO:root:  Batch 6,480  of  9,362.    Elapsed: 0:17:50.
INFO:root:  Batch 6,520  of  9,362.    Elapsed: 0:17:56.
INFO:root:  Batch 6,560  of  9,362.    Elapsed: 0:18:03.
INFO:root:  Batch 6,600  of  9,362.    Elapsed: 0:18:09.
INFO:root:  Batch 6,640  of  9,362.    Elapsed: 0:18:16.
INFO:root:  Batch 6,680  of  9,362.    Elapsed: 0:18:23.
INFO:root:  Batch 6,720  of  9,362.    Elapsed: 0:18:29.
INFO:root:  Batch 6,760  of  9,362.    Elapsed: 0:18:36.
INFO:root:  Batch 6,800  of  9,362.    Elapsed: 0:18:42.
INFO:root:  Batch 6,840  of  9,362.    Elapsed: 0:18:49.
INFO:root:  Batch 6,880  of  9,362.    Elapsed: 0:18:56.
INFO:root:  Batch 6,920  of  9,362.    Elapsed: 0:19:03.
INFO:root:  Batch 6,960  of  9,362.    Elapsed: 0:19:10.
INFO:root:  Batch 7,000  of  9,362.    Elapsed: 0:19:16.
INFO:root:  Batch 7,040  of  9,362.    Elapsed: 0:19:23.
INFO:root:  Batch 7,080  of  9,362.    Elapsed: 0:19:29.
INFO:root:  Batch 7,120  of  9,362.    Elapsed: 0:19:36.
INFO:root:  Batch 7,160  of  9,362.    Elapsed: 0:19:43.
INFO:root:  Batch 7,200  of  9,362.    Elapsed: 0:19:50.
INFO:root:  Batch 7,240  of  9,362.    Elapsed: 0:19:56.
INFO:root:  Batch 7,280  of  9,362.    Elapsed: 0:20:03.
INFO:root:  Batch 7,320  of  9,362.    Elapsed: 0:20:10.
INFO:root:  Batch 7,360  of  9,362.    Elapsed: 0:20:16.
INFO:root:  Batch 7,400  of  9,362.    Elapsed: 0:20:23.
INFO:root:  Batch 7,440  of  9,362.    Elapsed: 0:20:29.
INFO:root:  Batch 7,480  of  9,362.    Elapsed: 0:20:36.
INFO:root:  Batch 7,520  of  9,362.    Elapsed: 0:20:43.
INFO:root:  Batch 7,560  of  9,362.    Elapsed: 0:20:49.
INFO:root:  Batch 7,600  of  9,362.    Elapsed: 0:20:56.
INFO:root:  Batch 7,640  of  9,362.    Elapsed: 0:21:02.
INFO:root:  Batch 7,680  of  9,362.    Elapsed: 0:21:09.
INFO:root:  Batch 7,720  of  9,362.    Elapsed: 0:21:15.
INFO:root:  Batch 7,760  of  9,362.    Elapsed: 0:21:22.
INFO:root:  Batch 7,800  of  9,362.    Elapsed: 0:21:29.
INFO:root:  Batch 7,840  of  9,362.    Elapsed: 0:21:35.
INFO:root:  Batch 7,880  of  9,362.    Elapsed: 0:21:42.
INFO:root:  Batch 7,920  of  9,362.    Elapsed: 0:21:48.
INFO:root:  Batch 7,960  of  9,362.    Elapsed: 0:21:55.
INFO:root:  Batch 8,000  of  9,362.    Elapsed: 0:22:02.
INFO:root:  Batch 8,040  of  9,362.    Elapsed: 0:22:08.
INFO:root:  Batch 8,080  of  9,362.    Elapsed: 0:22:15.
INFO:root:  Batch 8,120  of  9,362.    Elapsed: 0:22:21.
INFO:root:  Batch 8,160  of  9,362.    Elapsed: 0:22:28.
INFO:root:  Batch 8,200  of  9,362.    Elapsed: 0:22:34.
INFO:root:  Batch 8,240  of  9,362.    Elapsed: 0:22:41.
INFO:root:  Batch 8,280  of  9,362.    Elapsed: 0:22:48.
INFO:root:  Batch 8,320  of  9,362.    Elapsed: 0:22:54.
INFO:root:  Batch 8,360  of  9,362.    Elapsed: 0:23:01.
INFO:root:  Batch 8,400  of  9,362.    Elapsed: 0:23:07.
INFO:root:  Batch 8,440  of  9,362.    Elapsed: 0:23:14.
INFO:root:  Batch 8,480  of  9,362.    Elapsed: 0:23:21.
INFO:root:  Batch 8,520  of  9,362.    Elapsed: 0:23:27.
INFO:root:  Batch 8,560  of  9,362.    Elapsed: 0:23:34.
INFO:root:  Batch 8,600  of  9,362.    Elapsed: 0:23:40.
INFO:root:  Batch 8,640  of  9,362.    Elapsed: 0:23:47.
INFO:root:  Batch 8,680  of  9,362.    Elapsed: 0:23:53.
INFO:root:  Batch 8,720  of  9,362.    Elapsed: 0:24:00.
INFO:root:  Batch 8,760  of  9,362.    Elapsed: 0:24:07.
INFO:root:  Batch 8,800  of  9,362.    Elapsed: 0:24:13.
INFO:root:  Batch 8,840  of  9,362.    Elapsed: 0:24:20.
INFO:root:  Batch 8,880  of  9,362.    Elapsed: 0:24:26.
INFO:root:  Batch 8,920  of  9,362.    Elapsed: 0:24:33.
INFO:root:  Batch 8,960  of  9,362.    Elapsed: 0:24:40.
INFO:root:  Batch 9,000  of  9,362.    Elapsed: 0:24:46.
INFO:root:  Batch 9,040  of  9,362.    Elapsed: 0:24:53.
INFO:root:  Batch 9,080  of  9,362.    Elapsed: 0:24:59.
INFO:root:  Batch 9,120  of  9,362.    Elapsed: 0:25:06.
INFO:root:  Batch 9,160  of  9,362.    Elapsed: 0:25:12.
INFO:root:  Batch 9,200  of  9,362.    Elapsed: 0:25:19.
INFO:root:  Batch 9,240  of  9,362.    Elapsed: 0:25:26.
INFO:root:  Batch 9,280  of  9,362.    Elapsed: 0:25:32.
INFO:root:  Batch 9,320  of  9,362.    Elapsed: 0:25:39.
INFO:root:  Batch 9,360  of  9,362.    Elapsed: 0:25:45.
INFO:root:
INFO:root:  Average training loss: 0.09
INFO:root:  Training epcoh took: 0:25:46
INFO:root:
INFO:root:Running Validation...
INFO:root:  Accuracy: 0.96
INFO:root:  Validation took: 0:02:47
INFO:root:======== Epoch 3 / 4 ========
INFO:root:Training...
INFO:root:  Batch    40  of  9,362.    Elapsed: 0:00:07.
INFO:root:  Batch    80  of  9,362.    Elapsed: 0:00:13.
INFO:root:  Batch   120  of  9,362.    Elapsed: 0:00:20.
INFO:root:  Batch   160  of  9,362.    Elapsed: 0:00:26.
INFO:root:  Batch   200  of  9,362.    Elapsed: 0:00:33.
INFO:root:  Batch   240  of  9,362.    Elapsed: 0:00:39.
INFO:root:  Batch   280  of  9,362.    Elapsed: 0:00:46.
INFO:root:  Batch   320  of  9,362.    Elapsed: 0:00:52.
INFO:root:  Batch   360  of  9,362.    Elapsed: 0:00:59.
INFO:root:  Batch   400  of  9,362.    Elapsed: 0:01:06.
INFO:root:  Batch   440  of  9,362.    Elapsed: 0:01:12.
INFO:root:  Batch   480  of  9,362.    Elapsed: 0:01:19.
INFO:root:  Batch   520  of  9,362.    Elapsed: 0:01:25.
INFO:root:  Batch   560  of  9,362.    Elapsed: 0:01:32.
INFO:root:  Batch   600  of  9,362.    Elapsed: 0:01:38.
INFO:root:  Batch   640  of  9,362.    Elapsed: 0:01:45.
INFO:root:  Batch   680  of  9,362.    Elapsed: 0:01:51.
INFO:root:  Batch   720  of  9,362.    Elapsed: 0:01:58.
INFO:root:  Batch   760  of  9,362.    Elapsed: 0:02:04.
INFO:root:  Batch   800  of  9,362.    Elapsed: 0:02:11.
INFO:root:  Batch   840  of  9,362.    Elapsed: 0:02:18.
INFO:root:  Batch   880  of  9,362.    Elapsed: 0:02:24.
INFO:root:  Batch   920  of  9,362.    Elapsed: 0:02:31.
INFO:root:  Batch   960  of  9,362.    Elapsed: 0:02:37.
INFO:root:  Batch 1,000  of  9,362.    Elapsed: 0:02:44.
INFO:root:  Batch 1,040  of  9,362.    Elapsed: 0:02:50.
INFO:root:  Batch 1,080  of  9,362.    Elapsed: 0:02:57.
INFO:root:  Batch 1,120  of  9,362.    Elapsed: 0:03:03.
INFO:root:  Batch 1,160  of  9,362.    Elapsed: 0:03:10.
INFO:root:  Batch 1,200  of  9,362.    Elapsed: 0:03:16.
INFO:root:  Batch 1,240  of  9,362.    Elapsed: 0:03:23.
INFO:root:  Batch 1,280  of  9,362.    Elapsed: 0:03:29.
INFO:root:  Batch 1,320  of  9,362.    Elapsed: 0:03:36.
INFO:root:  Batch 1,360  of  9,362.    Elapsed: 0:03:43.
INFO:root:  Batch 1,400  of  9,362.    Elapsed: 0:03:49.
INFO:root:  Batch 1,440  of  9,362.    Elapsed: 0:03:56.
INFO:root:  Batch 1,480  of  9,362.    Elapsed: 0:04:02.
INFO:root:  Batch 1,520  of  9,362.    Elapsed: 0:04:09.
INFO:root:  Batch 1,560  of  9,362.    Elapsed: 0:04:15.
INFO:root:  Batch 1,600  of  9,362.    Elapsed: 0:04:22.
INFO:root:  Batch 1,640  of  9,362.    Elapsed: 0:04:28.
INFO:root:  Batch 1,680  of  9,362.    Elapsed: 0:04:35.
INFO:root:  Batch 1,720  of  9,362.    Elapsed: 0:04:42.
INFO:root:  Batch 1,760  of  9,362.    Elapsed: 0:04:48.
INFO:root:  Batch 1,800  of  9,362.    Elapsed: 0:04:55.
INFO:root:  Batch 1,840  of  9,362.    Elapsed: 0:05:01.
INFO:root:  Batch 1,880  of  9,362.    Elapsed: 0:05:08.
INFO:root:  Batch 1,920  of  9,362.    Elapsed: 0:05:14.
INFO:root:  Batch 1,960  of  9,362.    Elapsed: 0:05:21.
INFO:root:  Batch 2,000  of  9,362.    Elapsed: 0:05:27.
INFO:root:  Batch 2,040  of  9,362.    Elapsed: 0:05:34.
INFO:root:  Batch 2,080  of  9,362.    Elapsed: 0:05:41.
INFO:root:  Batch 2,120  of  9,362.    Elapsed: 0:05:47.
INFO:root:  Batch 2,160  of  9,362.    Elapsed: 0:05:54.
INFO:root:  Batch 2,200  of  9,362.    Elapsed: 0:06:00.
INFO:root:  Batch 2,240  of  9,362.    Elapsed: 0:06:07.
INFO:root:  Batch 2,280  of  9,362.    Elapsed: 0:06:13.
INFO:root:  Batch 2,320  of  9,362.    Elapsed: 0:06:20.
INFO:root:  Batch 2,360  of  9,362.    Elapsed: 0:06:26.
INFO:root:  Batch 2,400  of  9,362.    Elapsed: 0:06:33.
INFO:root:  Batch 2,440  of  9,362.    Elapsed: 0:06:40.
INFO:root:  Batch 2,480  of  9,362.    Elapsed: 0:06:46.
INFO:root:  Batch 2,520  of  9,362.    Elapsed: 0:06:53.
INFO:root:  Batch 2,560  of  9,362.    Elapsed: 0:06:59.
INFO:root:  Batch 2,600  of  9,362.    Elapsed: 0:07:06.
INFO:root:  Batch 2,640  of  9,362.    Elapsed: 0:07:12.
INFO:root:  Batch 2,680  of  9,362.    Elapsed: 0:07:19.
INFO:root:  Batch 2,720  of  9,362.    Elapsed: 0:07:25.
INFO:root:  Batch 2,760  of  9,362.    Elapsed: 0:07:32.
INFO:root:  Batch 2,800  of  9,362.    Elapsed: 0:07:39.
INFO:root:  Batch 2,840  of  9,362.    Elapsed: 0:07:45.
INFO:root:  Batch 2,880  of  9,362.    Elapsed: 0:07:52.
INFO:root:  Batch 2,920  of  9,362.    Elapsed: 0:07:58.
INFO:root:  Batch 2,960  of  9,362.    Elapsed: 0:08:05.
INFO:root:  Batch 3,000  of  9,362.    Elapsed: 0:08:11.
INFO:root:  Batch 3,040  of  9,362.    Elapsed: 0:08:18.
INFO:root:  Batch 3,080  of  9,362.    Elapsed: 0:08:25.
INFO:root:  Batch 3,120  of  9,362.    Elapsed: 0:08:31.
INFO:root:  Batch 3,160  of  9,362.    Elapsed: 0:08:38.
INFO:root:  Batch 3,200  of  9,362.    Elapsed: 0:08:44.
INFO:root:  Batch 3,240  of  9,362.    Elapsed: 0:08:51.
INFO:root:  Batch 3,280  of  9,362.    Elapsed: 0:08:57.
INFO:root:  Batch 3,320  of  9,362.    Elapsed: 0:09:04.
INFO:root:  Batch 3,360  of  9,362.    Elapsed: 0:09:10.
INFO:root:  Batch 3,400  of  9,362.    Elapsed: 0:09:17.
INFO:root:  Batch 3,440  of  9,362.    Elapsed: 0:09:23.
INFO:root:  Batch 3,480  of  9,362.    Elapsed: 0:09:30.
INFO:root:  Batch 3,520  of  9,362.    Elapsed: 0:09:37.
INFO:root:  Batch 3,560  of  9,362.    Elapsed: 0:09:43.
INFO:root:  Batch 3,600  of  9,362.    Elapsed: 0:09:50.
INFO:root:  Batch 3,640  of  9,362.    Elapsed: 0:09:56.
INFO:root:  Batch 3,680  of  9,362.    Elapsed: 0:10:03.
INFO:root:  Batch 3,720  of  9,362.    Elapsed: 0:10:09.
INFO:root:  Batch 3,760  of  9,362.    Elapsed: 0:10:16.
INFO:root:  Batch 3,800  of  9,362.    Elapsed: 0:10:22.
INFO:root:  Batch 3,840  of  9,362.    Elapsed: 0:10:29.
INFO:root:  Batch 3,880  of  9,362.    Elapsed: 0:10:35.
INFO:root:  Batch 3,920  of  9,362.    Elapsed: 0:10:42.
INFO:root:  Batch 3,960  of  9,362.    Elapsed: 0:10:49.
INFO:root:  Batch 4,000  of  9,362.    Elapsed: 0:10:55.
INFO:root:  Batch 4,040  of  9,362.    Elapsed: 0:11:02.
INFO:root:  Batch 4,080  of  9,362.    Elapsed: 0:11:08.
INFO:root:  Batch 4,120  of  9,362.    Elapsed: 0:11:15.
INFO:root:  Batch 4,160  of  9,362.    Elapsed: 0:11:21.
INFO:root:  Batch 4,200  of  9,362.    Elapsed: 0:11:28.
INFO:root:  Batch 4,240  of  9,362.    Elapsed: 0:11:34.
INFO:root:  Batch 4,280  of  9,362.    Elapsed: 0:11:41.
INFO:root:  Batch 4,320  of  9,362.    Elapsed: 0:11:48.
INFO:root:  Batch 4,360  of  9,362.    Elapsed: 0:11:54.
INFO:root:  Batch 4,400  of  9,362.    Elapsed: 0:12:01.
INFO:root:  Batch 4,440  of  9,362.    Elapsed: 0:12:07.
INFO:root:  Batch 4,480  of  9,362.    Elapsed: 0:12:14.
INFO:root:  Batch 4,520  of  9,362.    Elapsed: 0:12:20.
INFO:root:  Batch 4,560  of  9,362.    Elapsed: 0:12:27.
INFO:root:  Batch 4,600  of  9,362.    Elapsed: 0:12:33.
INFO:root:  Batch 4,640  of  9,362.    Elapsed: 0:12:40.
INFO:root:  Batch 4,680  of  9,362.    Elapsed: 0:12:46.
INFO:root:  Batch 4,720  of  9,362.    Elapsed: 0:12:53.
INFO:root:  Batch 4,760  of  9,362.    Elapsed: 0:13:00.
INFO:root:  Batch 4,800  of  9,362.    Elapsed: 0:13:06.
INFO:root:  Batch 4,840  of  9,362.    Elapsed: 0:13:13.
INFO:root:  Batch 4,880  of  9,362.    Elapsed: 0:13:19.
INFO:root:  Batch 4,920  of  9,362.    Elapsed: 0:13:26.
INFO:root:  Batch 4,960  of  9,362.    Elapsed: 0:13:32.
INFO:root:  Batch 5,000  of  9,362.    Elapsed: 0:13:39.
INFO:root:  Batch 5,040  of  9,362.    Elapsed: 0:13:45.
INFO:root:  Batch 5,080  of  9,362.    Elapsed: 0:13:52.
INFO:root:  Batch 5,120  of  9,362.    Elapsed: 0:13:59.
INFO:root:  Batch 5,160  of  9,362.    Elapsed: 0:14:05.
INFO:root:  Batch 5,200  of  9,362.    Elapsed: 0:14:12.
INFO:root:  Batch 5,240  of  9,362.    Elapsed: 0:14:18.
INFO:root:  Batch 5,280  of  9,362.    Elapsed: 0:14:25.
INFO:root:  Batch 5,320  of  9,362.    Elapsed: 0:14:31.
INFO:root:  Batch 5,360  of  9,362.    Elapsed: 0:14:38.
INFO:root:  Batch 5,400  of  9,362.    Elapsed: 0:14:44.
INFO:root:  Batch 5,440  of  9,362.    Elapsed: 0:14:51.
INFO:root:  Batch 5,480  of  9,362.    Elapsed: 0:14:58.
INFO:root:  Batch 5,520  of  9,362.    Elapsed: 0:15:04.
INFO:root:  Batch 5,560  of  9,362.    Elapsed: 0:15:11.
INFO:root:  Batch 5,600  of  9,362.    Elapsed: 0:15:17.
INFO:root:  Batch 5,640  of  9,362.    Elapsed: 0:15:24.
INFO:root:  Batch 5,680  of  9,362.    Elapsed: 0:15:30.
INFO:root:  Batch 5,720  of  9,362.    Elapsed: 0:15:37.
INFO:root:  Batch 5,760  of  9,362.    Elapsed: 0:15:43.
INFO:root:  Batch 5,800  of  9,362.    Elapsed: 0:15:50.
INFO:root:  Batch 5,840  of  9,362.    Elapsed: 0:15:56.
INFO:root:  Batch 5,880  of  9,362.    Elapsed: 0:16:03.
INFO:root:  Batch 5,920  of  9,362.    Elapsed: 0:16:10.
INFO:root:  Batch 5,960  of  9,362.    Elapsed: 0:16:16.
INFO:root:  Batch 6,000  of  9,362.    Elapsed: 0:16:23.
INFO:root:  Batch 6,040  of  9,362.    Elapsed: 0:16:29.
INFO:root:  Batch 6,080  of  9,362.    Elapsed: 0:16:36.
INFO:root:  Batch 6,120  of  9,362.    Elapsed: 0:16:42.
INFO:root:  Batch 6,160  of  9,362.    Elapsed: 0:16:49.
INFO:root:  Batch 6,200  of  9,362.    Elapsed: 0:16:55.
INFO:root:  Batch 6,240  of  9,362.    Elapsed: 0:17:02.
INFO:root:  Batch 6,280  of  9,362.    Elapsed: 0:17:09.
INFO:root:  Batch 6,320  of  9,362.    Elapsed: 0:17:15.
INFO:root:  Batch 6,360  of  9,362.    Elapsed: 0:17:22.
INFO:root:  Batch 6,400  of  9,362.    Elapsed: 0:17:28.
INFO:root:  Batch 6,440  of  9,362.    Elapsed: 0:17:35.
INFO:root:  Batch 6,480  of  9,362.    Elapsed: 0:17:41.
INFO:root:  Batch 6,520  of  9,362.    Elapsed: 0:17:48.
INFO:root:  Batch 6,560  of  9,362.    Elapsed: 0:17:55.
INFO:root:  Batch 6,600  of  9,362.    Elapsed: 0:18:01.
INFO:root:  Batch 6,640  of  9,362.    Elapsed: 0:18:08.
INFO:root:  Batch 6,680  of  9,362.    Elapsed: 0:18:14.
INFO:root:  Batch 6,720  of  9,362.    Elapsed: 0:18:21.
INFO:root:  Batch 6,760  of  9,362.    Elapsed: 0:18:27.
INFO:root:  Batch 6,800  of  9,362.    Elapsed: 0:18:34.
INFO:root:  Batch 6,840  of  9,362.    Elapsed: 0:18:40.
INFO:root:  Batch 6,880  of  9,362.    Elapsed: 0:18:47.
INFO:root:  Batch 6,920  of  9,362.    Elapsed: 0:18:54.
INFO:root:  Batch 6,960  of  9,362.    Elapsed: 0:19:00.
INFO:root:  Batch 7,000  of  9,362.    Elapsed: 0:19:07.
INFO:root:  Batch 7,040  of  9,362.    Elapsed: 0:19:13.
INFO:root:  Batch 7,080  of  9,362.    Elapsed: 0:19:20.
INFO:root:  Batch 7,120  of  9,362.    Elapsed: 0:19:26.
INFO:root:  Batch 7,160  of  9,362.    Elapsed: 0:19:33.
INFO:root:  Batch 7,200  of  9,362.    Elapsed: 0:19:39.
INFO:root:  Batch 7,240  of  9,362.    Elapsed: 0:19:46.
INFO:root:  Batch 7,280  of  9,362.    Elapsed: 0:19:53.
INFO:root:  Batch 7,320  of  9,362.    Elapsed: 0:19:59.
INFO:root:  Batch 7,360  of  9,362.    Elapsed: 0:20:06.
INFO:root:  Batch 7,400  of  9,362.    Elapsed: 0:20:12.
INFO:root:  Batch 7,440  of  9,362.    Elapsed: 0:20:19.
INFO:root:  Batch 7,480  of  9,362.    Elapsed: 0:20:25.
INFO:root:  Batch 7,520  of  9,362.    Elapsed: 0:20:32.
INFO:root:  Batch 7,560  of  9,362.    Elapsed: 0:20:38.
INFO:root:  Batch 7,600  of  9,362.    Elapsed: 0:20:45.
INFO:root:  Batch 7,640  of  9,362.    Elapsed: 0:20:51.
INFO:root:  Batch 7,680  of  9,362.    Elapsed: 0:20:58.
INFO:root:  Batch 7,720  of  9,362.    Elapsed: 0:21:04.
INFO:root:  Batch 7,760  of  9,362.    Elapsed: 0:21:11.
INFO:root:  Batch 7,800  of  9,362.    Elapsed: 0:21:18.
INFO:root:  Batch 7,840  of  9,362.    Elapsed: 0:21:24.
INFO:root:  Batch 7,880  of  9,362.    Elapsed: 0:21:31.
INFO:root:  Batch 7,920  of  9,362.    Elapsed: 0:21:37.
INFO:root:  Batch 7,960  of  9,362.    Elapsed: 0:21:44.
INFO:root:  Batch 8,000  of  9,362.    Elapsed: 0:21:50.
INFO:root:  Batch 8,040  of  9,362.    Elapsed: 0:21:57.
INFO:root:  Batch 8,080  of  9,362.    Elapsed: 0:22:04.
INFO:root:  Batch 8,120  of  9,362.    Elapsed: 0:22:10.
INFO:root:  Batch 8,160  of  9,362.    Elapsed: 0:22:17.
INFO:root:  Batch 8,200  of  9,362.    Elapsed: 0:22:23.
INFO:root:  Batch 8,240  of  9,362.    Elapsed: 0:22:30.
INFO:root:  Batch 8,280  of  9,362.    Elapsed: 0:22:36.
INFO:root:  Batch 8,320  of  9,362.    Elapsed: 0:22:43.
INFO:root:  Batch 8,360  of  9,362.    Elapsed: 0:22:50.
INFO:root:  Batch 8,400  of  9,362.    Elapsed: 0:22:56.
INFO:root:  Batch 8,440  of  9,362.    Elapsed: 0:23:03.
INFO:root:  Batch 8,480  of  9,362.    Elapsed: 0:23:09.
INFO:root:  Batch 8,520  of  9,362.    Elapsed: 0:23:16.
INFO:root:  Batch 8,560  of  9,362.    Elapsed: 0:23:22.
INFO:root:  Batch 8,600  of  9,362.    Elapsed: 0:23:29.
INFO:root:  Batch 8,640  of  9,362.    Elapsed: 0:23:35.
INFO:root:  Batch 8,680  of  9,362.    Elapsed: 0:23:42.
INFO:root:  Batch 8,720  of  9,362.    Elapsed: 0:23:48.
INFO:root:  Batch 8,760  of  9,362.    Elapsed: 0:23:55.
INFO:root:  Batch 8,800  of  9,362.    Elapsed: 0:24:01.
INFO:root:  Batch 8,840  of  9,362.    Elapsed: 0:24:08.
INFO:root:  Batch 8,880  of  9,362.    Elapsed: 0:24:15.
INFO:root:  Batch 8,920  of  9,362.    Elapsed: 0:24:21.
INFO:root:  Batch 8,960  of  9,362.    Elapsed: 0:24:28.
INFO:root:  Batch 9,000  of  9,362.    Elapsed: 0:24:34.
INFO:root:  Batch 9,040  of  9,362.    Elapsed: 0:24:41.
INFO:root:  Batch 9,080  of  9,362.    Elapsed: 0:24:47.
INFO:root:  Batch 9,120  of  9,362.    Elapsed: 0:24:54.
INFO:root:  Batch 9,160  of  9,362.    Elapsed: 0:25:00.
INFO:root:  Batch 9,200  of  9,362.    Elapsed: 0:25:07.
INFO:root:  Batch 9,240  of  9,362.    Elapsed: 0:25:13.
INFO:root:  Batch 9,280  of  9,362.    Elapsed: 0:25:20.
INFO:root:  Batch 9,320  of  9,362.    Elapsed: 0:25:27.
INFO:root:  Batch 9,360  of  9,362.    Elapsed: 0:25:33.
INFO:root:
INFO:root:  Average training loss: 0.06
INFO:root:  Training epcoh took: 0:25:33
INFO:root:
INFO:root:Running Validation...
INFO:root:  Accuracy: 0.96
INFO:root:  Validation took: 0:02:48
INFO:root:======== Epoch 4 / 4 ========
INFO:root:Training...
INFO:root:  Batch    40  of  9,362.    Elapsed: 0:00:07.
INFO:root:  Batch    80  of  9,362.    Elapsed: 0:00:13.
INFO:root:  Batch   120  of  9,362.    Elapsed: 0:00:20.
INFO:root:  Batch   160  of  9,362.    Elapsed: 0:00:26.
INFO:root:  Batch   200  of  9,362.    Elapsed: 0:00:33.
INFO:root:  Batch   240  of  9,362.    Elapsed: 0:00:39.
INFO:root:  Batch   280  of  9,362.    Elapsed: 0:00:46.
INFO:root:  Batch   320  of  9,362.    Elapsed: 0:00:52.
INFO:root:  Batch   360  of  9,362.    Elapsed: 0:00:59.
INFO:root:  Batch   400  of  9,362.    Elapsed: 0:01:05.
INFO:root:  Batch   440  of  9,362.    Elapsed: 0:01:12.
INFO:root:  Batch   480  of  9,362.    Elapsed: 0:01:19.
INFO:root:  Batch   520  of  9,362.    Elapsed: 0:01:25.
INFO:root:  Batch   560  of  9,362.    Elapsed: 0:01:32.
INFO:root:  Batch   600  of  9,362.    Elapsed: 0:01:38.
INFO:root:  Batch   640  of  9,362.    Elapsed: 0:01:45.
INFO:root:  Batch   680  of  9,362.    Elapsed: 0:01:51.
INFO:root:  Batch   720  of  9,362.    Elapsed: 0:01:58.
INFO:root:  Batch   760  of  9,362.    Elapsed: 0:02:04.
INFO:root:  Batch   800  of  9,362.    Elapsed: 0:02:11.
INFO:root:  Batch   840  of  9,362.    Elapsed: 0:02:17.
INFO:root:  Batch   880  of  9,362.    Elapsed: 0:02:24.
INFO:root:  Batch   920  of  9,362.    Elapsed: 0:02:30.
INFO:root:  Batch   960  of  9,362.    Elapsed: 0:02:37.
INFO:root:  Batch 1,000  of  9,362.    Elapsed: 0:02:43.
INFO:root:  Batch 1,040  of  9,362.    Elapsed: 0:02:50.
INFO:root:  Batch 1,080  of  9,362.    Elapsed: 0:02:56.
INFO:root:  Batch 1,120  of  9,362.    Elapsed: 0:03:03.
INFO:root:  Batch 1,160  of  9,362.    Elapsed: 0:03:09.
INFO:root:  Batch 1,200  of  9,362.    Elapsed: 0:03:16.
INFO:root:  Batch 1,240  of  9,362.    Elapsed: 0:03:22.
INFO:root:  Batch 1,280  of  9,362.    Elapsed: 0:03:29.
INFO:root:  Batch 1,320  of  9,362.    Elapsed: 0:03:35.
INFO:root:  Batch 1,360  of  9,362.    Elapsed: 0:03:42.
INFO:root:  Batch 1,400  of  9,362.    Elapsed: 0:03:48.
INFO:root:  Batch 1,440  of  9,362.    Elapsed: 0:03:55.
INFO:root:  Batch 1,480  of  9,362.    Elapsed: 0:04:01.
INFO:root:  Batch 1,520  of  9,362.    Elapsed: 0:04:08.
INFO:root:  Batch 1,560  of  9,362.    Elapsed: 0:04:14.
INFO:root:  Batch 1,600  of  9,362.    Elapsed: 0:04:21.
INFO:root:  Batch 1,640  of  9,362.    Elapsed: 0:04:28.
INFO:root:  Batch 1,680  of  9,362.    Elapsed: 0:04:34.
INFO:root:  Batch 1,720  of  9,362.    Elapsed: 0:04:41.
INFO:root:  Batch 1,760  of  9,362.    Elapsed: 0:04:47.
INFO:root:  Batch 1,800  of  9,362.    Elapsed: 0:04:54.
INFO:root:  Batch 1,840  of  9,362.    Elapsed: 0:05:00.
INFO:root:  Batch 1,880  of  9,362.    Elapsed: 0:05:07.
INFO:root:  Batch 1,920  of  9,362.    Elapsed: 0:05:13.
INFO:root:  Batch 1,960  of  9,362.    Elapsed: 0:05:20.
INFO:root:  Batch 2,000  of  9,362.    Elapsed: 0:05:26.
INFO:root:  Batch 2,040  of  9,362.    Elapsed: 0:05:33.
INFO:root:  Batch 2,080  of  9,362.    Elapsed: 0:05:39.
INFO:root:  Batch 2,120  of  9,362.    Elapsed: 0:05:46.
INFO:root:  Batch 2,160  of  9,362.    Elapsed: 0:05:52.
INFO:root:  Batch 2,200  of  9,362.    Elapsed: 0:05:59.
INFO:root:  Batch 2,240  of  9,362.    Elapsed: 0:06:05.
INFO:root:  Batch 2,280  of  9,362.    Elapsed: 0:06:12.
INFO:root:  Batch 2,320  of  9,362.    Elapsed: 0:06:18.
INFO:root:  Batch 2,360  of  9,362.    Elapsed: 0:06:25.
INFO:root:  Batch 2,400  of  9,362.    Elapsed: 0:06:31.
INFO:root:  Batch 2,440  of  9,362.    Elapsed: 0:06:38.
INFO:root:  Batch 2,480  of  9,362.    Elapsed: 0:06:44.
INFO:root:  Batch 2,520  of  9,362.    Elapsed: 0:06:51.
INFO:root:  Batch 2,560  of  9,362.    Elapsed: 0:06:57.
INFO:root:  Batch 2,600  of  9,362.    Elapsed: 0:07:04.
INFO:root:  Batch 2,640  of  9,362.    Elapsed: 0:07:10.
INFO:root:  Batch 2,680  of  9,362.    Elapsed: 0:07:17.
INFO:root:  Batch 2,720  of  9,362.    Elapsed: 0:07:23.
INFO:root:  Batch 2,760  of  9,362.    Elapsed: 0:07:30.
INFO:root:  Batch 2,800  of  9,362.    Elapsed: 0:07:37.
INFO:root:  Batch 2,840  of  9,362.    Elapsed: 0:07:43.
INFO:root:  Batch 2,880  of  9,362.    Elapsed: 0:07:50.
INFO:root:  Batch 2,920  of  9,362.    Elapsed: 0:07:56.
INFO:root:  Batch 2,960  of  9,362.    Elapsed: 0:08:03.
INFO:root:  Batch 3,000  of  9,362.    Elapsed: 0:08:09.
INFO:root:  Batch 3,040  of  9,362.    Elapsed: 0:08:16.
INFO:root:  Batch 3,080  of  9,362.    Elapsed: 0:08:22.
INFO:root:  Batch 3,120  of  9,362.    Elapsed: 0:08:29.
INFO:root:  Batch 3,160  of  9,362.    Elapsed: 0:08:35.
INFO:root:  Batch 3,200  of  9,362.    Elapsed: 0:08:42.
INFO:root:  Batch 3,240  of  9,362.    Elapsed: 0:08:48.
INFO:root:  Batch 3,280  of  9,362.    Elapsed: 0:08:55.
INFO:root:  Batch 3,320  of  9,362.    Elapsed: 0:09:01.
INFO:root:  Batch 3,360  of  9,362.    Elapsed: 0:09:08.
INFO:root:  Batch 3,400  of  9,362.    Elapsed: 0:09:14.
INFO:root:  Batch 3,440  of  9,362.    Elapsed: 0:09:21.
INFO:root:  Batch 3,480  of  9,362.    Elapsed: 0:09:27.
INFO:root:  Batch 3,520  of  9,362.    Elapsed: 0:09:34.
INFO:root:  Batch 3,560  of  9,362.    Elapsed: 0:09:41.
INFO:root:  Batch 3,600  of  9,362.    Elapsed: 0:09:47.
INFO:root:  Batch 3,640  of  9,362.    Elapsed: 0:09:54.
INFO:root:  Batch 3,680  of  9,362.    Elapsed: 0:10:00.
INFO:root:  Batch 3,720  of  9,362.    Elapsed: 0:10:07.
INFO:root:  Batch 3,760  of  9,362.    Elapsed: 0:10:13.
INFO:root:  Batch 3,800  of  9,362.    Elapsed: 0:10:20.
INFO:root:  Batch 3,840  of  9,362.    Elapsed: 0:10:26.
INFO:root:  Batch 3,880  of  9,362.    Elapsed: 0:10:33.
INFO:root:  Batch 3,920  of  9,362.    Elapsed: 0:10:39.
INFO:root:  Batch 3,960  of  9,362.    Elapsed: 0:10:46.
INFO:root:  Batch 4,000  of  9,362.    Elapsed: 0:10:52.
INFO:root:  Batch 4,040  of  9,362.    Elapsed: 0:10:59.
INFO:root:  Batch 4,080  of  9,362.    Elapsed: 0:11:05.
INFO:root:  Batch 4,120  of  9,362.    Elapsed: 0:11:12.
INFO:root:  Batch 4,160  of  9,362.    Elapsed: 0:11:18.
INFO:root:  Batch 4,200  of  9,362.    Elapsed: 0:11:25.
INFO:root:  Batch 4,240  of  9,362.    Elapsed: 0:11:31.
INFO:root:  Batch 4,280  of  9,362.    Elapsed: 0:11:38.
INFO:root:  Batch 4,320  of  9,362.    Elapsed: 0:11:44.
INFO:root:  Batch 4,360  of  9,362.    Elapsed: 0:11:51.
INFO:root:  Batch 4,400  of  9,362.    Elapsed: 0:11:57.
INFO:root:  Batch 4,440  of  9,362.    Elapsed: 0:12:04.
INFO:root:  Batch 4,480  of  9,362.    Elapsed: 0:12:10.
INFO:root:  Batch 4,520  of  9,362.    Elapsed: 0:12:17.
INFO:root:  Batch 4,560  of  9,362.    Elapsed: 0:12:23.
INFO:root:  Batch 4,600  of  9,362.    Elapsed: 0:12:30.
INFO:root:  Batch 4,640  of  9,362.    Elapsed: 0:12:37.
INFO:root:  Batch 4,680  of  9,362.    Elapsed: 0:12:43.
INFO:root:  Batch 4,720  of  9,362.    Elapsed: 0:12:50.
INFO:root:  Batch 4,760  of  9,362.    Elapsed: 0:12:56.
INFO:root:  Batch 4,800  of  9,362.    Elapsed: 0:13:03.
INFO:root:  Batch 4,840  of  9,362.    Elapsed: 0:13:09.
INFO:root:  Batch 4,880  of  9,362.    Elapsed: 0:13:16.
INFO:root:  Batch 4,920  of  9,362.    Elapsed: 0:13:23.
INFO:root:  Batch 4,960  of  9,362.    Elapsed: 0:13:30.
INFO:root:  Batch 5,000  of  9,362.    Elapsed: 0:13:36.
INFO:root:  Batch 5,040  of  9,362.    Elapsed: 0:13:43.
INFO:root:  Batch 5,080  of  9,362.    Elapsed: 0:13:49.
INFO:root:  Batch 5,120  of  9,362.    Elapsed: 0:13:56.
INFO:root:  Batch 5,160  of  9,362.    Elapsed: 0:14:02.
INFO:root:  Batch 5,200  of  9,362.    Elapsed: 0:14:09.
INFO:root:  Batch 5,240  of  9,362.    Elapsed: 0:14:15.
INFO:root:  Batch 5,280  of  9,362.    Elapsed: 0:14:22.
INFO:root:  Batch 5,320  of  9,362.    Elapsed: 0:14:29.
INFO:root:  Batch 5,360  of  9,362.    Elapsed: 0:14:35.
INFO:root:  Batch 5,400  of  9,362.    Elapsed: 0:14:42.
INFO:root:  Batch 5,440  of  9,362.    Elapsed: 0:14:48.
INFO:root:  Batch 5,480  of  9,362.    Elapsed: 0:14:55.
INFO:root:  Batch 5,520  of  9,362.    Elapsed: 0:15:01.
INFO:root:  Batch 5,560  of  9,362.    Elapsed: 0:15:08.
INFO:root:  Batch 5,600  of  9,362.    Elapsed: 0:15:14.
INFO:root:  Batch 5,640  of  9,362.    Elapsed: 0:15:21.
INFO:root:  Batch 5,680  of  9,362.    Elapsed: 0:15:27.
INFO:root:  Batch 5,720  of  9,362.    Elapsed: 0:15:34.
INFO:root:  Batch 5,760  of  9,362.    Elapsed: 0:15:41.
INFO:root:  Batch 5,800  of  9,362.    Elapsed: 0:15:47.
INFO:root:  Batch 5,840  of  9,362.    Elapsed: 0:15:54.
INFO:root:  Batch 5,880  of  9,362.    Elapsed: 0:16:00.
INFO:root:  Batch 5,920  of  9,362.    Elapsed: 0:16:07.
INFO:root:  Batch 5,960  of  9,362.    Elapsed: 0:16:13.
INFO:root:  Batch 6,000  of  9,362.    Elapsed: 0:16:20.
INFO:root:  Batch 6,040  of  9,362.    Elapsed: 0:16:26.
INFO:root:  Batch 6,080  of  9,362.    Elapsed: 0:16:33.
INFO:root:  Batch 6,120  of  9,362.    Elapsed: 0:16:40.
INFO:root:  Batch 6,160  of  9,362.    Elapsed: 0:16:46.
INFO:root:  Batch 6,200  of  9,362.    Elapsed: 0:16:53.
INFO:root:  Batch 6,240  of  9,362.    Elapsed: 0:16:59.
INFO:root:  Batch 6,280  of  9,362.    Elapsed: 0:17:06.
INFO:root:  Batch 6,320  of  9,362.    Elapsed: 0:17:12.
INFO:root:  Batch 6,360  of  9,362.    Elapsed: 0:17:19.
INFO:root:  Batch 6,400  of  9,362.    Elapsed: 0:17:25.
INFO:root:  Batch 6,440  of  9,362.    Elapsed: 0:17:32.
INFO:root:  Batch 6,480  of  9,362.    Elapsed: 0:17:38.
INFO:root:  Batch 6,520  of  9,362.    Elapsed: 0:17:45.
INFO:root:  Batch 6,560  of  9,362.    Elapsed: 0:17:51.
INFO:root:  Batch 6,600  of  9,362.    Elapsed: 0:17:58.
INFO:root:  Batch 6,640  of  9,362.    Elapsed: 0:18:05.
INFO:root:  Batch 6,680  of  9,362.    Elapsed: 0:18:11.
INFO:root:  Batch 6,720  of  9,362.    Elapsed: 0:18:18.
INFO:root:  Batch 6,760  of  9,362.    Elapsed: 0:18:24.
INFO:root:  Batch 6,800  of  9,362.    Elapsed: 0:18:31.
INFO:root:  Batch 6,840  of  9,362.    Elapsed: 0:18:37.
INFO:root:  Batch 6,880  of  9,362.    Elapsed: 0:18:44.
INFO:root:  Batch 6,920  of  9,362.    Elapsed: 0:18:50.
INFO:root:  Batch 6,960  of  9,362.    Elapsed: 0:18:57.
INFO:root:  Batch 7,000  of  9,362.    Elapsed: 0:19:03.
INFO:root:  Batch 7,040  of  9,362.    Elapsed: 0:19:10.
INFO:root:  Batch 7,080  of  9,362.    Elapsed: 0:19:17.
INFO:root:  Batch 7,120  of  9,362.    Elapsed: 0:19:23.
INFO:root:  Batch 7,160  of  9,362.    Elapsed: 0:19:30.
INFO:root:  Batch 7,200  of  9,362.    Elapsed: 0:19:36.
INFO:root:  Batch 7,240  of  9,362.    Elapsed: 0:19:43.
INFO:root:  Batch 7,280  of  9,362.    Elapsed: 0:19:49.
INFO:root:  Batch 7,320  of  9,362.    Elapsed: 0:19:56.
INFO:root:  Batch 7,360  of  9,362.    Elapsed: 0:20:02.
INFO:root:  Batch 7,400  of  9,362.    Elapsed: 0:20:09.
INFO:root:  Batch 7,440  of  9,362.    Elapsed: 0:20:16.
INFO:root:  Batch 7,480  of  9,362.    Elapsed: 0:20:22.
INFO:root:  Batch 7,520  of  9,362.    Elapsed: 0:20:29.
INFO:root:  Batch 7,560  of  9,362.    Elapsed: 0:20:35.
INFO:root:  Batch 7,600  of  9,362.    Elapsed: 0:20:42.
INFO:root:  Batch 7,640  of  9,362.    Elapsed: 0:20:48.
INFO:root:  Batch 7,680  of  9,362.    Elapsed: 0:20:55.
INFO:root:  Batch 7,720  of  9,362.    Elapsed: 0:21:01.
INFO:root:  Batch 7,760  of  9,362.    Elapsed: 0:21:08.
INFO:root:  Batch 7,800  of  9,362.    Elapsed: 0:21:14.
INFO:root:  Batch 7,840  of  9,362.    Elapsed: 0:21:21.
INFO:root:  Batch 7,880  of  9,362.    Elapsed: 0:21:28.
INFO:root:  Batch 7,920  of  9,362.    Elapsed: 0:21:34.
INFO:root:  Batch 7,960  of  9,362.    Elapsed: 0:21:41.
INFO:root:  Batch 8,000  of  9,362.    Elapsed: 0:21:47.
INFO:root:  Batch 8,040  of  9,362.    Elapsed: 0:21:54.
INFO:root:  Batch 8,080  of  9,362.    Elapsed: 0:22:00.
INFO:root:  Batch 8,120  of  9,362.    Elapsed: 0:22:07.
INFO:root:  Batch 8,160  of  9,362.    Elapsed: 0:22:13.
INFO:root:  Batch 8,200  of  9,362.    Elapsed: 0:22:20.
INFO:root:  Batch 8,240  of  9,362.    Elapsed: 0:22:27.
INFO:root:  Batch 8,280  of  9,362.    Elapsed: 0:22:33.
INFO:root:  Batch 8,320  of  9,362.    Elapsed: 0:22:40.
INFO:root:  Batch 8,360  of  9,362.    Elapsed: 0:22:46.
INFO:root:  Batch 8,400  of  9,362.    Elapsed: 0:22:53.
INFO:root:  Batch 8,440  of  9,362.    Elapsed: 0:22:59.
INFO:root:  Batch 8,480  of  9,362.    Elapsed: 0:23:06.
INFO:root:  Batch 8,520  of  9,362.    Elapsed: 0:23:12.
INFO:root:  Batch 8,560  of  9,362.    Elapsed: 0:23:19.
INFO:root:  Batch 8,600  of  9,362.    Elapsed: 0:23:25.
INFO:root:  Batch 8,640  of  9,362.    Elapsed: 0:23:32.
INFO:root:  Batch 8,680  of  9,362.    Elapsed: 0:23:38.
INFO:root:  Batch 8,720  of  9,362.    Elapsed: 0:23:45.
INFO:root:  Batch 8,760  of  9,362.    Elapsed: 0:23:51.
INFO:root:  Batch 8,800  of  9,362.    Elapsed: 0:23:58.
INFO:root:  Batch 8,840  of  9,362.    Elapsed: 0:24:05.
INFO:root:  Batch 8,880  of  9,362.    Elapsed: 0:24:11.
INFO:root:  Batch 8,920  of  9,362.    Elapsed: 0:24:18.
INFO:root:  Batch 8,960  of  9,362.    Elapsed: 0:24:24.
INFO:root:  Batch 9,000  of  9,362.    Elapsed: 0:24:31.
INFO:root:  Batch 9,040  of  9,362.    Elapsed: 0:24:37.
INFO:root:  Batch 9,080  of  9,362.    Elapsed: 0:24:44.
INFO:root:  Batch 9,120  of  9,362.    Elapsed: 0:24:50.
INFO:root:  Batch 9,160  of  9,362.    Elapsed: 0:24:57.
INFO:root:  Batch 9,200  of  9,362.    Elapsed: 0:25:04.
INFO:root:  Batch 9,240  of  9,362.    Elapsed: 0:25:10.
INFO:root:  Batch 9,280  of  9,362.    Elapsed: 0:25:17.
INFO:root:  Batch 9,320  of  9,362.    Elapsed: 0:25:23.
INFO:root:  Batch 9,360  of  9,362.    Elapsed: 0:25:30.
INFO:root:
INFO:root:  Average training loss: 0.04
INFO:root:  Training epcoh took: 0:25:30
INFO:root:
INFO:root:Running Validation...
INFO:root:  Accuracy: 0.96
INFO:root:  Validation took: 0:02:48
INFO:root:
INFO:root:Training complete!
