INFO:root:batch size is 16
INFO:root:max embedding lengtth is 128
INFO:root:======== Epoch 1 / 4 ========
INFO:root:Training...
INFO:root:  Batch    40  of  9,362.    Elapsed: 0:00:07.
INFO:root:  Batch    80  of  9,362.    Elapsed: 0:00:13.
INFO:root:  Batch   120  of  9,362.    Elapsed: 0:00:20.
INFO:root:  Batch   160  of  9,362.    Elapsed: 0:00:26.
INFO:root:  Batch   200  of  9,362.    Elapsed: 0:00:33.
INFO:root:  Batch   240  of  9,362.    Elapsed: 0:00:40.
INFO:root:  Batch   280  of  9,362.    Elapsed: 0:00:46.
INFO:root:  Batch   320  of  9,362.    Elapsed: 0:00:53.
INFO:root:  Batch   360  of  9,362.    Elapsed: 0:01:00.
INFO:root:  Batch   400  of  9,362.    Elapsed: 0:01:06.
INFO:root:  Batch   440  of  9,362.    Elapsed: 0:01:13.
INFO:root:  Batch   480  of  9,362.    Elapsed: 0:01:19.
INFO:root:  Batch   520  of  9,362.    Elapsed: 0:01:26.
INFO:root:  Batch   560  of  9,362.    Elapsed: 0:01:33.
INFO:root:  Batch   600  of  9,362.    Elapsed: 0:01:39.
INFO:root:  Batch   640  of  9,362.    Elapsed: 0:01:46.
INFO:root:  Batch   680  of  9,362.    Elapsed: 0:01:52.
INFO:root:  Batch   720  of  9,362.    Elapsed: 0:01:59.
INFO:root:  Batch   760  of  9,362.    Elapsed: 0:02:06.
INFO:root:  Batch   800  of  9,362.    Elapsed: 0:02:12.
INFO:root:  Batch   840  of  9,362.    Elapsed: 0:02:19.
INFO:root:  Batch   880  of  9,362.    Elapsed: 0:02:25.
INFO:root:  Batch   920  of  9,362.    Elapsed: 0:02:32.
INFO:root:  Batch   960  of  9,362.    Elapsed: 0:02:39.
INFO:root:  Batch 1,000  of  9,362.    Elapsed: 0:02:45.
INFO:root:  Batch 1,040  of  9,362.    Elapsed: 0:02:52.
INFO:root:  Batch 1,080  of  9,362.    Elapsed: 0:02:58.
INFO:root:  Batch 1,120  of  9,362.    Elapsed: 0:03:05.
INFO:root:  Batch 1,160  of  9,362.    Elapsed: 0:03:12.
INFO:root:  Batch 1,200  of  9,362.    Elapsed: 0:03:18.
INFO:root:  Batch 1,240  of  9,362.    Elapsed: 0:03:25.
INFO:root:  Batch 1,280  of  9,362.    Elapsed: 0:03:31.
INFO:root:  Batch 1,320  of  9,362.    Elapsed: 0:03:38.
INFO:root:  Batch 1,360  of  9,362.    Elapsed: 0:03:45.
INFO:root:  Batch 1,400  of  9,362.    Elapsed: 0:03:51.
INFO:root:  Batch 1,440  of  9,362.    Elapsed: 0:03:58.
INFO:root:  Batch 1,480  of  9,362.    Elapsed: 0:04:05.
INFO:root:  Batch 1,520  of  9,362.    Elapsed: 0:04:11.
INFO:root:  Batch 1,560  of  9,362.    Elapsed: 0:04:18.
INFO:root:  Batch 1,600  of  9,362.    Elapsed: 0:04:24.
INFO:root:  Batch 1,640  of  9,362.    Elapsed: 0:04:31.
INFO:root:  Batch 1,680  of  9,362.    Elapsed: 0:04:38.
INFO:root:  Batch 1,720  of  9,362.    Elapsed: 0:04:44.
INFO:root:  Batch 1,760  of  9,362.    Elapsed: 0:04:51.
INFO:root:  Batch 1,800  of  9,362.    Elapsed: 0:04:58.
INFO:root:  Batch 1,840  of  9,362.    Elapsed: 0:05:04.
INFO:root:  Batch 1,880  of  9,362.    Elapsed: 0:05:11.
INFO:root:  Batch 1,920  of  9,362.    Elapsed: 0:05:17.
INFO:root:  Batch 1,960  of  9,362.    Elapsed: 0:05:24.
INFO:root:  Batch 2,000  of  9,362.    Elapsed: 0:05:31.
INFO:root:  Batch 2,040  of  9,362.    Elapsed: 0:05:37.
INFO:root:  Batch 2,080  of  9,362.    Elapsed: 0:05:44.
INFO:root:  Batch 2,120  of  9,362.    Elapsed: 0:05:51.
INFO:root:  Batch 2,160  of  9,362.    Elapsed: 0:05:57.
INFO:root:  Batch 2,200  of  9,362.    Elapsed: 0:06:04.
INFO:root:  Batch 2,240  of  9,362.    Elapsed: 0:06:10.
INFO:root:  Batch 2,280  of  9,362.    Elapsed: 0:06:17.
INFO:root:  Batch 2,320  of  9,362.    Elapsed: 0:06:24.
INFO:root:  Batch 2,360  of  9,362.    Elapsed: 0:06:30.
INFO:root:  Batch 2,400  of  9,362.    Elapsed: 0:06:37.
INFO:root:  Batch 2,440  of  9,362.    Elapsed: 0:06:44.
INFO:root:  Batch 2,480  of  9,362.    Elapsed: 0:06:50.
INFO:root:  Batch 2,520  of  9,362.    Elapsed: 0:06:57.
INFO:root:  Batch 2,560  of  9,362.    Elapsed: 0:07:03.
INFO:root:  Batch 2,600  of  9,362.    Elapsed: 0:07:10.
INFO:root:  Batch 2,640  of  9,362.    Elapsed: 0:07:17.
INFO:root:  Batch 2,680  of  9,362.    Elapsed: 0:07:23.
INFO:root:  Batch 2,720  of  9,362.    Elapsed: 0:07:30.
INFO:root:  Batch 2,760  of  9,362.    Elapsed: 0:07:37.
INFO:root:  Batch 2,800  of  9,362.    Elapsed: 0:07:43.
INFO:root:  Batch 2,840  of  9,362.    Elapsed: 0:07:50.
INFO:root:  Batch 2,880  of  9,362.    Elapsed: 0:07:56.
INFO:root:  Batch 2,920  of  9,362.    Elapsed: 0:08:03.
INFO:root:  Batch 2,960  of  9,362.    Elapsed: 0:08:10.
INFO:root:  Batch 3,000  of  9,362.    Elapsed: 0:08:16.
INFO:root:  Batch 3,040  of  9,362.    Elapsed: 0:08:23.
INFO:root:  Batch 3,080  of  9,362.    Elapsed: 0:08:30.
INFO:root:  Batch 3,120  of  9,362.    Elapsed: 0:08:36.
INFO:root:  Batch 3,160  of  9,362.    Elapsed: 0:08:43.
INFO:root:  Batch 3,200  of  9,362.    Elapsed: 0:08:49.
INFO:root:  Batch 3,240  of  9,362.    Elapsed: 0:08:56.
INFO:root:  Batch 3,280  of  9,362.    Elapsed: 0:09:03.
INFO:root:  Batch 3,320  of  9,362.    Elapsed: 0:09:09.
INFO:root:  Batch 3,360  of  9,362.    Elapsed: 0:09:16.
INFO:root:  Batch 3,400  of  9,362.    Elapsed: 0:09:22.
INFO:root:  Batch 3,440  of  9,362.    Elapsed: 0:09:29.
INFO:root:  Batch 3,480  of  9,362.    Elapsed: 0:09:36.
INFO:root:  Batch 3,520  of  9,362.    Elapsed: 0:09:42.
INFO:root:  Batch 3,560  of  9,362.    Elapsed: 0:09:49.
INFO:root:  Batch 3,600  of  9,362.    Elapsed: 0:09:56.
INFO:root:  Batch 3,640  of  9,362.    Elapsed: 0:10:02.
INFO:root:  Batch 3,680  of  9,362.    Elapsed: 0:10:09.
INFO:root:  Batch 3,720  of  9,362.    Elapsed: 0:10:15.
INFO:root:  Batch 3,760  of  9,362.    Elapsed: 0:10:22.
INFO:root:  Batch 3,800  of  9,362.    Elapsed: 0:10:29.
INFO:root:  Batch 3,840  of  9,362.    Elapsed: 0:10:35.
INFO:root:  Batch 3,880  of  9,362.    Elapsed: 0:10:42.
INFO:root:  Batch 3,920  of  9,362.    Elapsed: 0:10:49.
INFO:root:  Batch 3,960  of  9,362.    Elapsed: 0:10:55.
INFO:root:  Batch 4,000  of  9,362.    Elapsed: 0:11:02.
INFO:root:  Batch 4,040  of  9,362.    Elapsed: 0:11:08.
INFO:root:  Batch 4,080  of  9,362.    Elapsed: 0:11:15.
INFO:root:  Batch 4,120  of  9,362.    Elapsed: 0:11:22.
INFO:root:  Batch 4,160  of  9,362.    Elapsed: 0:11:28.
INFO:root:  Batch 4,200  of  9,362.    Elapsed: 0:11:35.
INFO:root:  Batch 4,240  of  9,362.    Elapsed: 0:11:41.
INFO:root:  Batch 4,280  of  9,362.    Elapsed: 0:11:48.
INFO:root:  Batch 4,320  of  9,362.    Elapsed: 0:11:55.
INFO:root:  Batch 4,360  of  9,362.    Elapsed: 0:12:01.
INFO:root:  Batch 4,400  of  9,362.    Elapsed: 0:12:08.
INFO:root:  Batch 4,440  of  9,362.    Elapsed: 0:12:15.
INFO:root:  Batch 4,480  of  9,362.    Elapsed: 0:12:21.
INFO:root:  Batch 4,520  of  9,362.    Elapsed: 0:12:28.
INFO:root:  Batch 4,560  of  9,362.    Elapsed: 0:12:34.
INFO:root:  Batch 4,600  of  9,362.    Elapsed: 0:12:41.
INFO:root:  Batch 4,640  of  9,362.    Elapsed: 0:12:48.
INFO:root:  Batch 4,680  of  9,362.    Elapsed: 0:12:54.
INFO:root:  Batch 4,720  of  9,362.    Elapsed: 0:13:01.
INFO:root:  Batch 4,760  of  9,362.    Elapsed: 0:13:07.
INFO:root:  Batch 4,800  of  9,362.    Elapsed: 0:13:14.
INFO:root:  Batch 4,840  of  9,362.    Elapsed: 0:13:21.
INFO:root:  Batch 4,880  of  9,362.    Elapsed: 0:13:27.
INFO:root:  Batch 4,920  of  9,362.    Elapsed: 0:13:34.
INFO:root:  Batch 4,960  of  9,362.    Elapsed: 0:13:40.
INFO:root:  Batch 5,000  of  9,362.    Elapsed: 0:13:47.
INFO:root:  Batch 5,040  of  9,362.    Elapsed: 0:13:54.
INFO:root:  Batch 5,080  of  9,362.    Elapsed: 0:14:00.
INFO:root:  Batch 5,120  of  9,362.    Elapsed: 0:14:07.
INFO:root:  Batch 5,160  of  9,362.    Elapsed: 0:14:13.
INFO:root:  Batch 5,200  of  9,362.    Elapsed: 0:14:20.
INFO:root:  Batch 5,240  of  9,362.    Elapsed: 0:14:27.
INFO:root:  Batch 5,280  of  9,362.    Elapsed: 0:14:33.
INFO:root:  Batch 5,320  of  9,362.    Elapsed: 0:14:40.
INFO:root:  Batch 5,360  of  9,362.    Elapsed: 0:14:46.
INFO:root:  Batch 5,400  of  9,362.    Elapsed: 0:14:53.
INFO:root:  Batch 5,440  of  9,362.    Elapsed: 0:15:00.
INFO:root:  Batch 5,480  of  9,362.    Elapsed: 0:15:06.
INFO:root:  Batch 5,520  of  9,362.    Elapsed: 0:15:13.
INFO:root:  Batch 5,560  of  9,362.    Elapsed: 0:15:19.
INFO:root:  Batch 5,600  of  9,362.    Elapsed: 0:15:26.
INFO:root:  Batch 5,640  of  9,362.    Elapsed: 0:15:32.
INFO:root:  Batch 5,680  of  9,362.    Elapsed: 0:15:39.
INFO:root:  Batch 5,720  of  9,362.    Elapsed: 0:15:46.
INFO:root:  Batch 5,760  of  9,362.    Elapsed: 0:15:52.
INFO:root:  Batch 5,800  of  9,362.    Elapsed: 0:15:59.
INFO:root:  Batch 5,840  of  9,362.    Elapsed: 0:16:06.
INFO:root:  Batch 5,880  of  9,362.    Elapsed: 0:16:12.
INFO:root:  Batch 5,920  of  9,362.    Elapsed: 0:16:19.
INFO:root:  Batch 5,960  of  9,362.    Elapsed: 0:16:25.
INFO:root:  Batch 6,000  of  9,362.    Elapsed: 0:16:32.
INFO:root:  Batch 6,040  of  9,362.    Elapsed: 0:16:39.
INFO:root:  Batch 6,080  of  9,362.    Elapsed: 0:16:45.
INFO:root:  Batch 6,120  of  9,362.    Elapsed: 0:16:52.
INFO:root:  Batch 6,160  of  9,362.    Elapsed: 0:16:58.
INFO:root:  Batch 6,200  of  9,362.    Elapsed: 0:17:05.
INFO:root:  Batch 6,240  of  9,362.    Elapsed: 0:17:12.
INFO:root:  Batch 6,280  of  9,362.    Elapsed: 0:17:18.
INFO:root:  Batch 6,320  of  9,362.    Elapsed: 0:17:25.
INFO:root:  Batch 6,360  of  9,362.    Elapsed: 0:17:31.
INFO:root:  Batch 6,400  of  9,362.    Elapsed: 0:17:38.
INFO:root:  Batch 6,440  of  9,362.    Elapsed: 0:17:45.
INFO:root:  Batch 6,480  of  9,362.    Elapsed: 0:17:51.
INFO:root:  Batch 6,520  of  9,362.    Elapsed: 0:17:58.
INFO:root:  Batch 6,560  of  9,362.    Elapsed: 0:18:04.
INFO:root:  Batch 6,600  of  9,362.    Elapsed: 0:18:11.
INFO:root:  Batch 6,640  of  9,362.    Elapsed: 0:18:18.
INFO:root:  Batch 6,680  of  9,362.    Elapsed: 0:18:24.
INFO:root:  Batch 6,720  of  9,362.    Elapsed: 0:18:31.
INFO:root:  Batch 6,760  of  9,362.    Elapsed: 0:18:38.
INFO:root:  Batch 6,800  of  9,362.    Elapsed: 0:18:44.
INFO:root:  Batch 6,840  of  9,362.    Elapsed: 0:18:51.
INFO:root:  Batch 6,880  of  9,362.    Elapsed: 0:18:57.
INFO:root:  Batch 6,920  of  9,362.    Elapsed: 0:19:04.
INFO:root:  Batch 6,960  of  9,362.    Elapsed: 0:19:11.
INFO:root:  Batch 7,000  of  9,362.    Elapsed: 0:19:17.
INFO:root:  Batch 7,040  of  9,362.    Elapsed: 0:19:24.
INFO:root:  Batch 7,080  of  9,362.    Elapsed: 0:19:30.
INFO:root:  Batch 7,120  of  9,362.    Elapsed: 0:19:37.
INFO:root:  Batch 7,160  of  9,362.    Elapsed: 0:19:44.
INFO:root:  Batch 7,200  of  9,362.    Elapsed: 0:19:50.
INFO:root:  Batch 7,240  of  9,362.    Elapsed: 0:19:57.
INFO:root:  Batch 7,280  of  9,362.    Elapsed: 0:20:03.
INFO:root:  Batch 7,320  of  9,362.    Elapsed: 0:20:10.
INFO:root:  Batch 7,360  of  9,362.    Elapsed: 0:20:17.
INFO:root:  Batch 7,400  of  9,362.    Elapsed: 0:20:23.
INFO:root:  Batch 7,440  of  9,362.    Elapsed: 0:20:30.
INFO:root:  Batch 7,480  of  9,362.    Elapsed: 0:20:36.
INFO:root:  Batch 7,520  of  9,362.    Elapsed: 0:20:43.
INFO:root:  Batch 7,560  of  9,362.    Elapsed: 0:20:50.
INFO:root:  Batch 7,600  of  9,362.    Elapsed: 0:20:56.
INFO:root:  Batch 7,640  of  9,362.    Elapsed: 0:21:03.
INFO:root:  Batch 7,680  of  9,362.    Elapsed: 0:21:09.
INFO:root:  Batch 7,720  of  9,362.    Elapsed: 0:21:16.
INFO:root:  Batch 7,760  of  9,362.    Elapsed: 0:21:23.
INFO:root:  Batch 7,800  of  9,362.    Elapsed: 0:21:29.
INFO:root:  Batch 7,840  of  9,362.    Elapsed: 0:21:36.
INFO:root:  Batch 7,880  of  9,362.    Elapsed: 0:21:43.
INFO:root:  Batch 7,920  of  9,362.    Elapsed: 0:21:49.
INFO:root:  Batch 7,960  of  9,362.    Elapsed: 0:21:56.
INFO:root:  Batch 8,000  of  9,362.    Elapsed: 0:22:02.
INFO:root:  Batch 8,040  of  9,362.    Elapsed: 0:22:09.
INFO:root:  Batch 8,080  of  9,362.    Elapsed: 0:22:16.
INFO:root:  Batch 8,120  of  9,362.    Elapsed: 0:22:22.
INFO:root:  Batch 8,160  of  9,362.    Elapsed: 0:22:29.
INFO:root:  Batch 8,200  of  9,362.    Elapsed: 0:22:35.
INFO:root:  Batch 8,240  of  9,362.    Elapsed: 0:22:42.
INFO:root:  Batch 8,280  of  9,362.    Elapsed: 0:22:49.
INFO:root:  Batch 8,320  of  9,362.    Elapsed: 0:22:55.
INFO:root:  Batch 8,360  of  9,362.    Elapsed: 0:23:02.
INFO:root:  Batch 8,400  of  9,362.    Elapsed: 0:23:09.
INFO:root:  Batch 8,440  of  9,362.    Elapsed: 0:23:15.
INFO:root:  Batch 8,480  of  9,362.    Elapsed: 0:23:22.
INFO:root:  Batch 8,520  of  9,362.    Elapsed: 0:23:29.
INFO:root:  Batch 8,560  of  9,362.    Elapsed: 0:23:35.
INFO:root:  Batch 8,600  of  9,362.    Elapsed: 0:23:42.
INFO:root:  Batch 8,640  of  9,362.    Elapsed: 0:23:48.
INFO:root:  Batch 8,680  of  9,362.    Elapsed: 0:23:55.
INFO:root:  Batch 8,720  of  9,362.    Elapsed: 0:24:02.
INFO:root:  Batch 8,760  of  9,362.    Elapsed: 0:24:08.
INFO:root:  Batch 8,800  of  9,362.    Elapsed: 0:24:15.
INFO:root:  Batch 8,840  of  9,362.    Elapsed: 0:24:22.
INFO:root:  Batch 8,880  of  9,362.    Elapsed: 0:24:28.
INFO:root:  Batch 8,920  of  9,362.    Elapsed: 0:24:35.
INFO:root:  Batch 8,960  of  9,362.    Elapsed: 0:24:41.
INFO:root:  Batch 9,000  of  9,362.    Elapsed: 0:24:48.
INFO:root:  Batch 9,040  of  9,362.    Elapsed: 0:24:55.
INFO:root:  Batch 9,080  of  9,362.    Elapsed: 0:25:01.
INFO:root:  Batch 9,120  of  9,362.    Elapsed: 0:25:08.
INFO:root:  Batch 9,160  of  9,362.    Elapsed: 0:25:14.
INFO:root:  Batch 9,200  of  9,362.    Elapsed: 0:25:21.
INFO:root:  Batch 9,240  of  9,362.    Elapsed: 0:25:28.
INFO:root:  Batch 9,280  of  9,362.    Elapsed: 0:25:34.
INFO:root:  Batch 9,320  of  9,362.    Elapsed: 0:25:41.
INFO:root:  Batch 9,360  of  9,362.    Elapsed: 0:25:47.
INFO:root:
INFO:root:  Average training loss: 0.12
INFO:root:  Training epcoh took: 0:25:48
INFO:root:
INFO:root:Running Validation...
INFO:root:  Accuracy: 0.96
INFO:root:batch size is 16
INFO:root:max embedding lengtth is 128
INFO:root:======== Epoch 1 / 4 ========
INFO:root:Training...
INFO:root:  Batch    40  of  9,362.    Elapsed: 0:00:07.
INFO:root:  Batch    80  of  9,362.    Elapsed: 0:00:13.
INFO:root:  Batch   120  of  9,362.    Elapsed: 0:00:20.
INFO:root:  Batch   160  of  9,362.    Elapsed: 0:00:26.
INFO:root:  Batch   200  of  9,362.    Elapsed: 0:00:33.
INFO:root:  Batch   240  of  9,362.    Elapsed: 0:00:39.
INFO:root:  Batch   280  of  9,362.    Elapsed: 0:00:46.
INFO:root:  Batch   320  of  9,362.    Elapsed: 0:00:53.
INFO:root:  Batch   360  of  9,362.    Elapsed: 0:00:59.
INFO:root:  Batch   400  of  9,362.    Elapsed: 0:01:06.
INFO:root:  Batch   440  of  9,362.    Elapsed: 0:01:12.
INFO:root:  Batch   480  of  9,362.    Elapsed: 0:01:19.
INFO:root:  Batch   520  of  9,362.    Elapsed: 0:01:26.
INFO:root:  Batch   560  of  9,362.    Elapsed: 0:01:32.
INFO:root:  Batch   600  of  9,362.    Elapsed: 0:01:39.
INFO:root:  Batch   640  of  9,362.    Elapsed: 0:01:45.
INFO:root:  Batch   680  of  9,362.    Elapsed: 0:01:52.
INFO:root:  Batch   720  of  9,362.    Elapsed: 0:01:58.
INFO:root:  Batch   760  of  9,362.    Elapsed: 0:02:05.
INFO:root:  Batch   800  of  9,362.    Elapsed: 0:02:12.
INFO:root:  Batch   840  of  9,362.    Elapsed: 0:02:18.
INFO:root:  Batch   880  of  9,362.    Elapsed: 0:02:25.
INFO:root:  Batch   920  of  9,362.    Elapsed: 0:02:31.
INFO:root:  Batch   960  of  9,362.    Elapsed: 0:02:38.
INFO:root:  Batch 1,000  of  9,362.    Elapsed: 0:02:44.
INFO:root:  Batch 1,040  of  9,362.    Elapsed: 0:02:51.
INFO:root:  Batch 1,080  of  9,362.    Elapsed: 0:02:57.
INFO:root:  Batch 1,120  of  9,362.    Elapsed: 0:03:04.
INFO:root:  Batch 1,160  of  9,362.    Elapsed: 0:03:10.
INFO:root:  Batch 1,200  of  9,362.    Elapsed: 0:03:17.
INFO:root:  Batch 1,240  of  9,362.    Elapsed: 0:03:24.
INFO:root:  Batch 1,280  of  9,362.    Elapsed: 0:03:30.
INFO:root:  Batch 1,320  of  9,362.    Elapsed: 0:03:37.
INFO:root:  Batch 1,360  of  9,362.    Elapsed: 0:03:43.
INFO:root:  Batch 1,400  of  9,362.    Elapsed: 0:03:50.
INFO:root:  Batch 1,440  of  9,362.    Elapsed: 0:03:56.
INFO:root:  Batch 1,480  of  9,362.    Elapsed: 0:04:03.
INFO:root:  Batch 1,520  of  9,362.    Elapsed: 0:04:10.
INFO:root:  Batch 1,560  of  9,362.    Elapsed: 0:04:16.
INFO:root:  Batch 1,600  of  9,362.    Elapsed: 0:04:23.
INFO:root:  Batch 1,640  of  9,362.    Elapsed: 0:04:29.
INFO:root:  Batch 1,680  of  9,362.    Elapsed: 0:04:36.
INFO:root:  Batch 1,720  of  9,362.    Elapsed: 0:04:42.
INFO:root:  Batch 1,760  of  9,362.    Elapsed: 0:04:49.
INFO:root:  Batch 1,800  of  9,362.    Elapsed: 0:04:55.
INFO:root:  Batch 1,840  of  9,362.    Elapsed: 0:05:02.
INFO:root:  Batch 1,880  of  9,362.    Elapsed: 0:05:09.
INFO:root:  Batch 1,920  of  9,362.    Elapsed: 0:05:15.
INFO:root:  Batch 1,960  of  9,362.    Elapsed: 0:05:22.
INFO:root:  Batch 2,000  of  9,362.    Elapsed: 0:05:28.
INFO:root:  Batch 2,040  of  9,362.    Elapsed: 0:05:35.
INFO:root:  Batch 2,080  of  9,362.    Elapsed: 0:05:41.
INFO:root:  Batch 2,120  of  9,362.    Elapsed: 0:05:48.
INFO:root:  Batch 2,160  of  9,362.    Elapsed: 0:05:55.
INFO:root:  Batch 2,200  of  9,362.    Elapsed: 0:06:01.
INFO:root:  Batch 2,240  of  9,362.    Elapsed: 0:06:08.
INFO:root:  Batch 2,280  of  9,362.    Elapsed: 0:06:14.
INFO:root:  Batch 2,320  of  9,362.    Elapsed: 0:06:21.
INFO:root:  Batch 2,360  of  9,362.    Elapsed: 0:06:27.
INFO:root:  Batch 2,400  of  9,362.    Elapsed: 0:06:34.
INFO:root:  Batch 2,440  of  9,362.    Elapsed: 0:06:40.
INFO:root:  Batch 2,480  of  9,362.    Elapsed: 0:06:47.
INFO:root:  Batch 2,520  of  9,362.    Elapsed: 0:06:54.
INFO:root:  Batch 2,560  of  9,362.    Elapsed: 0:07:00.
INFO:root:  Batch 2,600  of  9,362.    Elapsed: 0:07:07.
INFO:root:  Batch 2,640  of  9,362.    Elapsed: 0:07:13.
INFO:root:  Batch 2,680  of  9,362.    Elapsed: 0:07:20.
INFO:root:  Batch 2,720  of  9,362.    Elapsed: 0:07:26.
INFO:root:  Batch 2,760  of  9,362.    Elapsed: 0:07:33.
INFO:root:  Batch 2,800  of  9,362.    Elapsed: 0:07:39.
INFO:root:  Batch 2,840  of  9,362.    Elapsed: 0:07:46.
INFO:root:  Batch 2,880  of  9,362.    Elapsed: 0:07:53.
INFO:root:  Batch 2,920  of  9,362.    Elapsed: 0:07:59.
INFO:root:  Batch 2,960  of  9,362.    Elapsed: 0:08:06.
INFO:root:  Batch 3,000  of  9,362.    Elapsed: 0:08:12.
INFO:root:  Batch 3,040  of  9,362.    Elapsed: 0:08:19.
INFO:root:  Batch 3,080  of  9,362.    Elapsed: 0:08:25.
INFO:root:  Batch 3,120  of  9,362.    Elapsed: 0:08:32.
INFO:root:  Batch 3,160  of  9,362.    Elapsed: 0:08:38.
INFO:root:  Batch 3,200  of  9,362.    Elapsed: 0:08:45.
INFO:root:  Batch 3,240  of  9,362.    Elapsed: 0:08:52.
INFO:root:  Batch 3,280  of  9,362.    Elapsed: 0:08:58.
INFO:root:  Batch 3,320  of  9,362.    Elapsed: 0:09:05.
INFO:root:  Batch 3,360  of  9,362.    Elapsed: 0:09:11.
INFO:root:  Batch 3,400  of  9,362.    Elapsed: 0:09:18.
INFO:root:  Batch 3,440  of  9,362.    Elapsed: 0:09:25.
INFO:root:  Batch 3,480  of  9,362.    Elapsed: 0:09:31.
INFO:root:  Batch 3,520  of  9,362.    Elapsed: 0:09:38.
INFO:root:  Batch 3,560  of  9,362.    Elapsed: 0:09:44.
INFO:root:  Batch 3,600  of  9,362.    Elapsed: 0:09:51.
INFO:root:  Batch 3,640  of  9,362.    Elapsed: 0:09:58.
INFO:root:  Batch 3,680  of  9,362.    Elapsed: 0:10:04.
INFO:root:  Batch 3,720  of  9,362.    Elapsed: 0:10:11.
INFO:root:  Batch 3,760  of  9,362.    Elapsed: 0:10:17.
INFO:root:  Batch 3,800  of  9,362.    Elapsed: 0:10:24.
INFO:root:  Batch 3,840  of  9,362.    Elapsed: 0:10:31.
INFO:root:  Batch 3,880  of  9,362.    Elapsed: 0:10:37.
INFO:root:  Batch 3,920  of  9,362.    Elapsed: 0:10:44.
INFO:root:  Batch 3,960  of  9,362.    Elapsed: 0:10:50.
INFO:root:  Batch 4,000  of  9,362.    Elapsed: 0:10:57.
INFO:root:  Batch 4,040  of  9,362.    Elapsed: 0:11:03.
INFO:root:  Batch 4,080  of  9,362.    Elapsed: 0:11:10.
INFO:root:  Batch 4,120  of  9,362.    Elapsed: 0:11:16.
INFO:root:  Batch 4,160  of  9,362.    Elapsed: 0:11:23.
INFO:root:  Batch 4,200  of  9,362.    Elapsed: 0:11:30.
INFO:root:  Batch 4,240  of  9,362.    Elapsed: 0:11:36.
INFO:root:  Batch 4,280  of  9,362.    Elapsed: 0:11:43.
INFO:root:  Batch 4,320  of  9,362.    Elapsed: 0:11:49.
INFO:root:  Batch 4,360  of  9,362.    Elapsed: 0:11:56.
INFO:root:  Batch 4,400  of  9,362.    Elapsed: 0:12:02.
INFO:root:  Batch 4,440  of  9,362.    Elapsed: 0:12:09.
INFO:root:  Batch 4,480  of  9,362.    Elapsed: 0:12:16.
INFO:root:  Batch 4,520  of  9,362.    Elapsed: 0:12:22.
INFO:root:  Batch 4,560  of  9,362.    Elapsed: 0:12:29.
INFO:root:  Batch 4,600  of  9,362.    Elapsed: 0:12:35.
INFO:root:  Batch 4,640  of  9,362.    Elapsed: 0:12:42.
INFO:root:  Batch 4,680  of  9,362.    Elapsed: 0:12:48.
INFO:root:  Batch 4,720  of  9,362.    Elapsed: 0:12:55.
INFO:root:  Batch 4,760  of  9,362.    Elapsed: 0:13:01.
INFO:root:  Batch 4,800  of  9,362.    Elapsed: 0:13:08.
INFO:root:  Batch 4,840  of  9,362.    Elapsed: 0:13:15.
INFO:root:  Batch 4,880  of  9,362.    Elapsed: 0:13:21.
INFO:root:  Batch 4,920  of  9,362.    Elapsed: 0:13:28.
INFO:root:  Batch 4,960  of  9,362.    Elapsed: 0:13:34.
INFO:root:  Batch 5,000  of  9,362.    Elapsed: 0:13:41.
INFO:root:  Batch 5,040  of  9,362.    Elapsed: 0:13:47.
INFO:root:  Batch 5,080  of  9,362.    Elapsed: 0:13:54.
INFO:root:  Batch 5,120  of  9,362.    Elapsed: 0:14:00.
INFO:root:  Batch 5,160  of  9,362.    Elapsed: 0:14:07.
INFO:root:  Batch 5,200  of  9,362.    Elapsed: 0:14:14.
INFO:root:  Batch 5,240  of  9,362.    Elapsed: 0:14:20.
INFO:root:  Batch 5,280  of  9,362.    Elapsed: 0:14:27.
INFO:root:  Batch 5,320  of  9,362.    Elapsed: 0:14:33.
INFO:root:  Batch 5,360  of  9,362.    Elapsed: 0:14:40.
INFO:root:  Batch 5,400  of  9,362.    Elapsed: 0:14:46.
INFO:root:  Batch 5,440  of  9,362.    Elapsed: 0:14:53.
INFO:root:  Batch 5,480  of  9,362.    Elapsed: 0:14:59.
INFO:root:  Batch 5,520  of  9,362.    Elapsed: 0:15:06.
INFO:root:  Batch 5,560  of  9,362.    Elapsed: 0:15:13.
INFO:root:  Batch 5,600  of  9,362.    Elapsed: 0:15:19.
INFO:root:  Batch 5,640  of  9,362.    Elapsed: 0:15:26.
INFO:root:  Batch 5,680  of  9,362.    Elapsed: 0:15:32.
INFO:root:  Batch 5,720  of  9,362.    Elapsed: 0:15:39.
INFO:root:  Batch 5,760  of  9,362.    Elapsed: 0:15:45.
INFO:root:  Batch 5,800  of  9,362.    Elapsed: 0:15:52.
INFO:root:  Batch 5,840  of  9,362.    Elapsed: 0:15:59.
INFO:root:  Batch 5,880  of  9,362.    Elapsed: 0:16:05.
INFO:root:  Batch 5,920  of  9,362.    Elapsed: 0:16:12.
INFO:root:  Batch 5,960  of  9,362.    Elapsed: 0:16:18.
INFO:root:  Batch 6,000  of  9,362.    Elapsed: 0:16:25.
INFO:root:  Batch 6,040  of  9,362.    Elapsed: 0:16:31.
INFO:root:  Batch 6,080  of  9,362.    Elapsed: 0:16:38.
INFO:root:  Batch 6,120  of  9,362.    Elapsed: 0:16:44.
INFO:root:  Batch 6,160  of  9,362.    Elapsed: 0:16:51.
INFO:root:  Batch 6,200  of  9,362.    Elapsed: 0:16:58.
INFO:root:  Batch 6,240  of  9,362.    Elapsed: 0:17:04.
INFO:root:  Batch 6,280  of  9,362.    Elapsed: 0:17:11.
INFO:root:  Batch 6,320  of  9,362.    Elapsed: 0:17:17.
INFO:root:  Batch 6,360  of  9,362.    Elapsed: 0:17:24.
INFO:root:  Batch 6,400  of  9,362.    Elapsed: 0:17:31.
INFO:root:  Batch 6,440  of  9,362.    Elapsed: 0:17:37.
INFO:root:  Batch 6,480  of  9,362.    Elapsed: 0:17:44.
INFO:root:  Batch 6,520  of  9,362.    Elapsed: 0:17:50.
INFO:root:  Batch 6,560  of  9,362.    Elapsed: 0:17:57.
INFO:root:  Batch 6,600  of  9,362.    Elapsed: 0:18:03.
INFO:root:  Batch 6,640  of  9,362.    Elapsed: 0:18:10.
INFO:root:  Batch 6,680  of  9,362.    Elapsed: 0:18:16.
INFO:root:  Batch 6,720  of  9,362.    Elapsed: 0:18:23.
INFO:root:  Batch 6,760  of  9,362.    Elapsed: 0:18:30.
INFO:root:  Batch 6,800  of  9,362.    Elapsed: 0:18:36.
INFO:root:  Batch 6,840  of  9,362.    Elapsed: 0:18:43.
INFO:root:  Batch 6,880  of  9,362.    Elapsed: 0:18:49.
INFO:root:  Batch 6,920  of  9,362.    Elapsed: 0:18:56.
INFO:root:  Batch 6,960  of  9,362.    Elapsed: 0:19:02.
INFO:root:  Batch 7,000  of  9,362.    Elapsed: 0:19:09.
INFO:root:  Batch 7,040  of  9,362.    Elapsed: 0:19:16.
INFO:root:  Batch 7,080  of  9,362.    Elapsed: 0:19:22.
INFO:root:  Batch 7,120  of  9,362.    Elapsed: 0:19:29.
INFO:root:  Batch 7,160  of  9,362.    Elapsed: 0:19:35.
INFO:root:  Batch 7,200  of  9,362.    Elapsed: 0:19:42.
INFO:root:  Batch 7,240  of  9,362.    Elapsed: 0:19:49.
INFO:root:  Batch 7,280  of  9,362.    Elapsed: 0:19:55.
INFO:root:  Batch 7,320  of  9,362.    Elapsed: 0:20:02.
INFO:root:  Batch 7,360  of  9,362.    Elapsed: 0:20:08.
INFO:root:  Batch 7,400  of  9,362.    Elapsed: 0:20:15.
INFO:root:  Batch 7,440  of  9,362.    Elapsed: 0:20:21.
INFO:root:  Batch 7,480  of  9,362.    Elapsed: 0:20:28.
INFO:root:  Batch 7,520  of  9,362.    Elapsed: 0:20:34.
INFO:root:  Batch 7,560  of  9,362.    Elapsed: 0:20:41.
INFO:root:  Batch 7,600  of  9,362.    Elapsed: 0:20:48.
INFO:root:  Batch 7,640  of  9,362.    Elapsed: 0:20:54.
INFO:root:  Batch 7,680  of  9,362.    Elapsed: 0:21:01.
INFO:root:  Batch 7,720  of  9,362.    Elapsed: 0:21:07.
INFO:root:  Batch 7,760  of  9,362.    Elapsed: 0:21:14.
INFO:root:  Batch 7,800  of  9,362.    Elapsed: 0:21:21.
INFO:root:  Batch 7,840  of  9,362.    Elapsed: 0:21:27.
INFO:root:  Batch 7,880  of  9,362.    Elapsed: 0:21:34.
INFO:root:  Batch 7,920  of  9,362.    Elapsed: 0:21:40.
INFO:root:  Batch 7,960  of  9,362.    Elapsed: 0:21:47.
INFO:root:  Batch 8,000  of  9,362.    Elapsed: 0:21:53.
INFO:root:  Batch 8,040  of  9,362.    Elapsed: 0:22:00.
INFO:root:  Batch 8,080  of  9,362.    Elapsed: 0:22:07.
INFO:root:  Batch 8,120  of  9,362.    Elapsed: 0:22:13.
INFO:root:  Batch 8,160  of  9,362.    Elapsed: 0:22:20.
INFO:root:  Batch 8,200  of  9,362.    Elapsed: 0:22:26.
INFO:root:  Batch 8,240  of  9,362.    Elapsed: 0:22:33.
INFO:root:  Batch 8,280  of  9,362.    Elapsed: 0:22:39.
INFO:root:  Batch 8,320  of  9,362.    Elapsed: 0:22:46.
INFO:root:  Batch 8,360  of  9,362.    Elapsed: 0:22:53.
INFO:root:  Batch 8,400  of  9,362.    Elapsed: 0:22:59.
INFO:root:  Batch 8,440  of  9,362.    Elapsed: 0:23:06.
INFO:root:  Batch 8,480  of  9,362.    Elapsed: 0:23:12.
INFO:root:  Batch 8,520  of  9,362.    Elapsed: 0:23:19.
INFO:root:  Batch 8,560  of  9,362.    Elapsed: 0:23:25.
INFO:root:  Batch 8,600  of  9,362.    Elapsed: 0:23:32.
INFO:root:  Batch 8,640  of  9,362.    Elapsed: 0:23:38.
INFO:root:  Batch 8,680  of  9,362.    Elapsed: 0:23:45.
INFO:root:  Batch 8,720  of  9,362.    Elapsed: 0:23:52.
INFO:root:  Batch 8,760  of  9,362.    Elapsed: 0:23:58.
INFO:root:  Batch 8,800  of  9,362.    Elapsed: 0:24:05.
INFO:root:  Batch 8,840  of  9,362.    Elapsed: 0:24:11.
INFO:root:  Batch 8,880  of  9,362.    Elapsed: 0:24:18.
INFO:root:  Batch 8,920  of  9,362.    Elapsed: 0:24:24.
INFO:root:  Batch 8,960  of  9,362.    Elapsed: 0:24:31.
INFO:root:  Batch 9,000  of  9,362.    Elapsed: 0:24:37.
INFO:root:  Batch 9,040  of  9,362.    Elapsed: 0:24:44.
INFO:root:  Batch 9,080  of  9,362.    Elapsed: 0:24:51.
INFO:root:  Batch 9,120  of  9,362.    Elapsed: 0:24:57.
INFO:root:  Batch 9,160  of  9,362.    Elapsed: 0:25:04.
INFO:root:  Batch 9,200  of  9,362.    Elapsed: 0:25:10.
INFO:root:  Batch 9,240  of  9,362.    Elapsed: 0:25:17.
INFO:root:  Batch 9,280  of  9,362.    Elapsed: 0:25:23.
INFO:root:  Batch 9,320  of  9,362.    Elapsed: 0:25:30.
INFO:root:  Batch 9,360  of  9,362.    Elapsed: 0:25:36.
INFO:root:
INFO:root:  Average training loss: 0.07
INFO:root:  Training epcoh took: 0:25:37
INFO:root:
INFO:root:Running Validation...
INFO:root:  Accuracy: 0.95
INFO:root:  Validation took: 0:02:49
INFO:root:======== Epoch 2 / 4 ========
INFO:root:Training...
INFO:root:  Batch    40  of  9,362.    Elapsed: 0:00:07.
INFO:root:  Batch    80  of  9,362.    Elapsed: 0:00:13.
INFO:root:  Batch   120  of  9,362.    Elapsed: 0:00:20.
INFO:root:  Batch   160  of  9,362.    Elapsed: 0:00:26.
INFO:root:  Batch   200  of  9,362.    Elapsed: 0:00:33.
INFO:root:  Batch   240  of  9,362.    Elapsed: 0:00:40.
INFO:root:  Batch   280  of  9,362.    Elapsed: 0:00:46.
INFO:root:  Batch   320  of  9,362.    Elapsed: 0:00:53.
INFO:root:  Batch   360  of  9,362.    Elapsed: 0:00:59.
INFO:root:  Batch   400  of  9,362.    Elapsed: 0:01:06.
INFO:root:  Batch   440  of  9,362.    Elapsed: 0:01:13.
INFO:root:  Batch   480  of  9,362.    Elapsed: 0:01:19.
INFO:root:  Batch   520  of  9,362.    Elapsed: 0:01:26.
INFO:root:  Batch   560  of  9,362.    Elapsed: 0:01:32.
INFO:root:  Batch   600  of  9,362.    Elapsed: 0:01:39.
INFO:root:  Batch   640  of  9,362.    Elapsed: 0:01:45.
INFO:root:  Batch   680  of  9,362.    Elapsed: 0:01:52.
INFO:root:  Batch   720  of  9,362.    Elapsed: 0:01:58.
INFO:root:  Batch   760  of  9,362.    Elapsed: 0:02:05.
INFO:root:  Batch   800  of  9,362.    Elapsed: 0:02:12.
INFO:root:  Batch   840  of  9,362.    Elapsed: 0:02:18.
INFO:root:  Batch   880  of  9,362.    Elapsed: 0:02:25.
INFO:root:  Batch   920  of  9,362.    Elapsed: 0:02:31.
INFO:root:  Batch   960  of  9,362.    Elapsed: 0:02:38.
INFO:root:  Batch 1,000  of  9,362.    Elapsed: 0:02:44.
INFO:root:  Batch 1,040  of  9,362.    Elapsed: 0:02:51.
INFO:root:  Batch 1,080  of  9,362.    Elapsed: 0:02:57.
INFO:root:  Batch 1,120  of  9,362.    Elapsed: 0:03:04.
INFO:root:  Batch 1,160  of  9,362.    Elapsed: 0:03:11.
INFO:root:  Batch 1,200  of  9,362.    Elapsed: 0:03:17.
INFO:root:  Batch 1,240  of  9,362.    Elapsed: 0:03:24.
INFO:root:  Batch 1,280  of  9,362.    Elapsed: 0:03:30.
INFO:root:  Batch 1,320  of  9,362.    Elapsed: 0:03:37.
INFO:root:  Batch 1,360  of  9,362.    Elapsed: 0:03:43.
INFO:root:  Batch 1,400  of  9,362.    Elapsed: 0:03:50.
INFO:root:  Batch 1,440  of  9,362.    Elapsed: 0:03:57.
INFO:root:  Batch 1,480  of  9,362.    Elapsed: 0:04:03.
INFO:root:  Batch 1,520  of  9,362.    Elapsed: 0:04:10.
INFO:root:  Batch 1,560  of  9,362.    Elapsed: 0:04:16.
INFO:root:  Batch 1,600  of  9,362.    Elapsed: 0:04:23.
INFO:root:  Batch 1,640  of  9,362.    Elapsed: 0:04:30.
INFO:root:  Batch 1,680  of  9,362.    Elapsed: 0:04:36.
INFO:root:  Batch 1,720  of  9,362.    Elapsed: 0:04:43.
INFO:root:  Batch 1,760  of  9,362.    Elapsed: 0:04:49.
INFO:root:  Batch 1,800  of  9,362.    Elapsed: 0:04:56.
INFO:root:  Batch 1,840  of  9,362.    Elapsed: 0:05:03.
INFO:root:  Batch 1,880  of  9,362.    Elapsed: 0:05:09.
INFO:root:  Batch 1,920  of  9,362.    Elapsed: 0:05:16.
INFO:root:  Batch 1,960  of  9,362.    Elapsed: 0:05:22.
INFO:root:  Batch 2,000  of  9,362.    Elapsed: 0:05:29.
INFO:root:  Batch 2,040  of  9,362.    Elapsed: 0:05:35.
INFO:root:  Batch 2,080  of  9,362.    Elapsed: 0:05:42.
INFO:root:  Batch 2,120  of  9,362.    Elapsed: 0:05:49.
INFO:root:  Batch 2,160  of  9,362.    Elapsed: 0:05:55.
INFO:root:  Batch 2,200  of  9,362.    Elapsed: 0:06:02.
INFO:root:  Batch 2,240  of  9,362.    Elapsed: 0:06:08.
INFO:root:  Batch 2,280  of  9,362.    Elapsed: 0:06:15.
INFO:root:  Batch 2,320  of  9,362.    Elapsed: 0:06:21.
INFO:root:  Batch 2,360  of  9,362.    Elapsed: 0:06:28.
INFO:root:  Batch 2,400  of  9,362.    Elapsed: 0:06:34.
INFO:root:  Batch 2,440  of  9,362.    Elapsed: 0:06:41.
INFO:root:  Batch 2,480  of  9,362.    Elapsed: 0:06:48.
INFO:root:  Batch 2,520  of  9,362.    Elapsed: 0:06:54.
INFO:root:  Batch 2,560  of  9,362.    Elapsed: 0:07:01.
INFO:root:  Batch 2,600  of  9,362.    Elapsed: 0:07:07.
INFO:root:  Batch 2,640  of  9,362.    Elapsed: 0:07:14.
INFO:root:  Batch 2,680  of  9,362.    Elapsed: 0:07:20.
INFO:root:  Batch 2,720  of  9,362.    Elapsed: 0:07:27.
INFO:root:  Batch 2,760  of  9,362.    Elapsed: 0:07:33.
INFO:root:  Batch 2,800  of  9,362.    Elapsed: 0:07:40.
INFO:root:  Batch 2,840  of  9,362.    Elapsed: 0:07:47.
INFO:root:  Batch 2,880  of  9,362.    Elapsed: 0:07:53.
INFO:root:  Batch 2,920  of  9,362.    Elapsed: 0:08:00.
INFO:root:  Batch 2,960  of  9,362.    Elapsed: 0:08:06.
INFO:root:  Batch 3,000  of  9,362.    Elapsed: 0:08:13.
INFO:root:  Batch 3,040  of  9,362.    Elapsed: 0:08:19.
INFO:root:  Batch 3,080  of  9,362.    Elapsed: 0:08:26.
INFO:root:  Batch 3,120  of  9,362.    Elapsed: 0:08:32.
INFO:root:  Batch 3,160  of  9,362.    Elapsed: 0:08:39.
INFO:root:  Batch 3,200  of  9,362.    Elapsed: 0:08:46.
INFO:root:  Batch 3,240  of  9,362.    Elapsed: 0:08:52.
INFO:root:  Batch 3,280  of  9,362.    Elapsed: 0:08:59.
INFO:root:  Batch 3,320  of  9,362.    Elapsed: 0:09:05.
INFO:root:  Batch 3,360  of  9,362.    Elapsed: 0:09:12.
INFO:root:  Batch 3,400  of  9,362.    Elapsed: 0:09:18.
INFO:root:  Batch 3,440  of  9,362.    Elapsed: 0:09:25.
INFO:root:  Batch 3,480  of  9,362.    Elapsed: 0:09:31.
INFO:root:  Batch 3,520  of  9,362.    Elapsed: 0:09:38.
INFO:root:  Batch 3,560  of  9,362.    Elapsed: 0:09:45.
INFO:root:  Batch 3,600  of  9,362.    Elapsed: 0:09:51.
INFO:root:  Batch 3,640  of  9,362.    Elapsed: 0:09:58.
INFO:root:  Batch 3,680  of  9,362.    Elapsed: 0:10:04.
INFO:root:  Batch 3,720  of  9,362.    Elapsed: 0:10:11.
INFO:root:  Batch 3,760  of  9,362.    Elapsed: 0:10:17.
INFO:root:  Batch 3,800  of  9,362.    Elapsed: 0:10:24.
INFO:root:  Batch 3,840  of  9,362.    Elapsed: 0:10:31.
INFO:root:  Batch 3,880  of  9,362.    Elapsed: 0:10:37.
INFO:root:  Batch 3,920  of  9,362.    Elapsed: 0:10:44.
INFO:root:  Batch 3,960  of  9,362.    Elapsed: 0:10:50.
INFO:root:  Batch 4,000  of  9,362.    Elapsed: 0:10:57.
INFO:root:  Batch 4,040  of  9,362.    Elapsed: 0:11:03.
INFO:root:  Batch 4,080  of  9,362.    Elapsed: 0:11:10.
INFO:root:  Batch 4,120  of  9,362.    Elapsed: 0:11:16.
INFO:root:  Batch 4,160  of  9,362.    Elapsed: 0:11:23.
INFO:root:  Batch 4,200  of  9,362.    Elapsed: 0:11:30.
INFO:root:  Batch 4,240  of  9,362.    Elapsed: 0:11:36.
INFO:root:  Batch 4,280  of  9,362.    Elapsed: 0:11:43.
INFO:root:  Batch 4,320  of  9,362.    Elapsed: 0:11:49.
INFO:root:  Batch 4,360  of  9,362.    Elapsed: 0:11:56.
INFO:root:  Batch 4,400  of  9,362.    Elapsed: 0:12:02.
INFO:root:  Batch 4,440  of  9,362.    Elapsed: 0:12:09.
INFO:root:  Batch 4,480  of  9,362.    Elapsed: 0:12:15.
INFO:root:  Batch 4,520  of  9,362.    Elapsed: 0:12:22.
INFO:root:  Batch 4,560  of  9,362.    Elapsed: 0:12:28.
INFO:root:  Batch 4,600  of  9,362.    Elapsed: 0:12:35.
INFO:root:  Batch 4,640  of  9,362.    Elapsed: 0:12:42.
INFO:root:  Batch 4,680  of  9,362.    Elapsed: 0:12:48.
INFO:root:  Batch 4,720  of  9,362.    Elapsed: 0:12:55.
INFO:root:  Batch 4,760  of  9,362.    Elapsed: 0:13:01.
INFO:root:  Batch 4,800  of  9,362.    Elapsed: 0:13:08.
INFO:root:  Batch 4,840  of  9,362.    Elapsed: 0:13:14.
INFO:root:  Batch 4,880  of  9,362.    Elapsed: 0:13:21.
INFO:root:  Batch 4,920  of  9,362.    Elapsed: 0:13:28.
INFO:root:  Batch 4,960  of  9,362.    Elapsed: 0:13:34.
INFO:root:  Batch 5,000  of  9,362.    Elapsed: 0:13:41.
INFO:root:  Batch 5,040  of  9,362.    Elapsed: 0:13:47.
INFO:root:  Batch 5,080  of  9,362.    Elapsed: 0:13:54.
INFO:root:  Batch 5,120  of  9,362.    Elapsed: 0:14:01.
INFO:root:  Batch 5,160  of  9,362.    Elapsed: 0:14:07.
INFO:root:  Batch 5,200  of  9,362.    Elapsed: 0:14:14.
INFO:root:  Batch 5,240  of  9,362.    Elapsed: 0:14:20.
INFO:root:  Batch 5,280  of  9,362.    Elapsed: 0:14:27.
INFO:root:  Batch 5,320  of  9,362.    Elapsed: 0:14:33.
INFO:root:  Batch 5,360  of  9,362.    Elapsed: 0:14:40.
INFO:root:  Batch 5,400  of  9,362.    Elapsed: 0:14:47.
INFO:root:  Batch 5,440  of  9,362.    Elapsed: 0:14:53.
INFO:root:  Batch 5,480  of  9,362.    Elapsed: 0:15:00.
INFO:root:  Batch 5,520  of  9,362.    Elapsed: 0:15:06.
INFO:root:  Batch 5,560  of  9,362.    Elapsed: 0:15:13.
INFO:root:  Batch 5,600  of  9,362.    Elapsed: 0:15:19.
INFO:root:  Batch 5,640  of  9,362.    Elapsed: 0:15:26.
INFO:root:  Batch 5,680  of  9,362.    Elapsed: 0:15:32.
INFO:root:  Batch 5,720  of  9,362.    Elapsed: 0:15:39.
INFO:root:  Batch 5,760  of  9,362.    Elapsed: 0:15:46.
INFO:root:  Batch 5,800  of  9,362.    Elapsed: 0:15:52.
INFO:root:  Batch 5,840  of  9,362.    Elapsed: 0:15:59.
INFO:root:  Batch 5,880  of  9,362.    Elapsed: 0:16:05.
INFO:root:  Batch 5,920  of  9,362.    Elapsed: 0:16:12.
INFO:root:  Batch 5,960  of  9,362.    Elapsed: 0:16:18.
INFO:root:  Batch 6,000  of  9,362.    Elapsed: 0:16:25.
INFO:root:  Batch 6,040  of  9,362.    Elapsed: 0:16:32.
INFO:root:  Batch 6,080  of  9,362.    Elapsed: 0:16:38.
INFO:root:  Batch 6,120  of  9,362.    Elapsed: 0:16:45.
INFO:root:  Batch 6,160  of  9,362.    Elapsed: 0:16:51.
INFO:root:  Batch 6,200  of  9,362.    Elapsed: 0:16:58.
INFO:root:  Batch 6,240  of  9,362.    Elapsed: 0:17:04.
INFO:root:  Batch 6,280  of  9,362.    Elapsed: 0:17:11.
INFO:root:  Batch 6,320  of  9,362.    Elapsed: 0:17:18.
INFO:root:  Batch 6,360  of  9,362.    Elapsed: 0:17:24.
INFO:root:  Batch 6,400  of  9,362.    Elapsed: 0:17:31.
INFO:root:  Batch 6,440  of  9,362.    Elapsed: 0:17:37.
INFO:root:  Batch 6,480  of  9,362.    Elapsed: 0:17:44.
INFO:root:  Batch 6,520  of  9,362.    Elapsed: 0:17:51.
INFO:root:  Batch 6,560  of  9,362.    Elapsed: 0:17:57.
INFO:root:  Batch 6,600  of  9,362.    Elapsed: 0:18:04.
INFO:root:  Batch 6,640  of  9,362.    Elapsed: 0:18:10.
INFO:root:  Batch 6,680  of  9,362.    Elapsed: 0:18:17.
INFO:root:  Batch 6,720  of  9,362.    Elapsed: 0:18:23.
INFO:root:  Batch 6,760  of  9,362.    Elapsed: 0:18:30.
INFO:root:  Batch 6,800  of  9,362.    Elapsed: 0:18:37.
INFO:root:  Batch 6,840  of  9,362.    Elapsed: 0:18:43.
INFO:root:  Batch 6,880  of  9,362.    Elapsed: 0:18:50.
INFO:root:  Batch 6,920  of  9,362.    Elapsed: 0:18:56.
INFO:root:  Batch 6,960  of  9,362.    Elapsed: 0:19:03.
INFO:root:  Batch 7,000  of  9,362.    Elapsed: 0:19:09.
INFO:root:  Batch 7,040  of  9,362.    Elapsed: 0:19:16.
INFO:root:  Batch 7,080  of  9,362.    Elapsed: 0:19:23.
INFO:root:  Batch 7,120  of  9,362.    Elapsed: 0:19:29.
INFO:root:  Batch 7,160  of  9,362.    Elapsed: 0:19:36.
INFO:root:  Batch 7,200  of  9,362.    Elapsed: 0:19:42.
INFO:root:  Batch 7,240  of  9,362.    Elapsed: 0:19:49.
INFO:root:  Batch 7,280  of  9,362.    Elapsed: 0:19:56.
INFO:root:  Batch 7,320  of  9,362.    Elapsed: 0:20:02.
INFO:root:  Batch 7,360  of  9,362.    Elapsed: 0:20:09.
INFO:root:  Batch 7,400  of  9,362.    Elapsed: 0:20:15.
INFO:root:  Batch 7,440  of  9,362.    Elapsed: 0:20:22.
INFO:root:  Batch 7,480  of  9,362.    Elapsed: 0:20:29.
INFO:root:  Batch 7,520  of  9,362.    Elapsed: 0:20:35.
INFO:root:  Batch 7,560  of  9,362.    Elapsed: 0:20:42.
INFO:root:  Batch 7,600  of  9,362.    Elapsed: 0:20:48.
INFO:root:  Batch 7,640  of  9,362.    Elapsed: 0:20:55.
INFO:root:  Batch 7,680  of  9,362.    Elapsed: 0:21:01.
INFO:root:  Batch 7,720  of  9,362.    Elapsed: 0:21:08.
INFO:root:  Batch 7,760  of  9,362.    Elapsed: 0:21:14.
INFO:root:  Batch 7,800  of  9,362.    Elapsed: 0:21:21.
INFO:root:  Batch 7,840  of  9,362.    Elapsed: 0:21:28.
INFO:root:  Batch 7,880  of  9,362.    Elapsed: 0:21:34.
INFO:root:  Batch 7,920  of  9,362.    Elapsed: 0:21:41.
INFO:root:  Batch 7,960  of  9,362.    Elapsed: 0:21:47.
INFO:root:  Batch 8,000  of  9,362.    Elapsed: 0:21:54.
INFO:root:  Batch 8,040  of  9,362.    Elapsed: 0:22:00.
INFO:root:  Batch 8,080  of  9,362.    Elapsed: 0:22:07.
INFO:root:  Batch 8,120  of  9,362.    Elapsed: 0:22:14.
INFO:root:  Batch 8,160  of  9,362.    Elapsed: 0:22:20.
INFO:root:  Batch 8,200  of  9,362.    Elapsed: 0:22:27.
INFO:root:  Batch 8,240  of  9,362.    Elapsed: 0:22:33.
INFO:root:  Batch 8,280  of  9,362.    Elapsed: 0:22:40.
INFO:root:  Batch 8,320  of  9,362.    Elapsed: 0:22:46.
INFO:root:  Batch 8,360  of  9,362.    Elapsed: 0:22:53.
INFO:root:  Batch 8,400  of  9,362.    Elapsed: 0:23:00.
INFO:root:  Batch 8,440  of  9,362.    Elapsed: 0:23:06.
INFO:root:  Batch 8,480  of  9,362.    Elapsed: 0:23:13.
INFO:root:  Batch 8,520  of  9,362.    Elapsed: 0:23:19.
INFO:root:  Batch 8,560  of  9,362.    Elapsed: 0:23:26.
INFO:root:  Batch 8,600  of  9,362.    Elapsed: 0:23:33.
INFO:root:  Batch 8,640  of  9,362.    Elapsed: 0:23:39.
INFO:root:  Batch 8,680  of  9,362.    Elapsed: 0:23:46.
INFO:root:  Batch 8,720  of  9,362.    Elapsed: 0:23:52.
INFO:root:  Batch 8,760  of  9,362.    Elapsed: 0:23:59.
INFO:root:  Batch 8,800  of  9,362.    Elapsed: 0:24:05.
INFO:root:  Batch 8,840  of  9,362.    Elapsed: 0:24:12.
INFO:root:  Batch 8,880  of  9,362.    Elapsed: 0:24:19.
INFO:root:  Batch 8,920  of  9,362.    Elapsed: 0:24:25.
INFO:root:  Batch 8,960  of  9,362.    Elapsed: 0:24:32.
INFO:root:  Batch 9,000  of  9,362.    Elapsed: 0:24:38.
INFO:root:  Batch 9,040  of  9,362.    Elapsed: 0:24:45.
INFO:root:  Batch 9,080  of  9,362.    Elapsed: 0:24:51.
INFO:root:  Batch 9,120  of  9,362.    Elapsed: 0:24:58.
INFO:root:  Batch 9,160  of  9,362.    Elapsed: 0:25:05.
INFO:root:  Batch 9,200  of  9,362.    Elapsed: 0:25:11.
INFO:root:  Batch 9,240  of  9,362.    Elapsed: 0:25:18.
INFO:root:  Batch 9,280  of  9,362.    Elapsed: 0:25:24.
INFO:root:  Batch 9,320  of  9,362.    Elapsed: 0:25:31.
INFO:root:  Batch 9,360  of  9,362.    Elapsed: 0:25:37.
INFO:root:
INFO:root:  Average training loss: 0.07
INFO:root:  Training epcoh took: 0:25:38
INFO:root:
INFO:root:Running Validation...
INFO:root:  Accuracy: 0.96
INFO:root:  Validation took: 0:02:49
INFO:root:======== Epoch 3 / 4 ========
INFO:root:Training...
INFO:root:  Batch    40  of  9,362.    Elapsed: 0:00:07.
INFO:root:  Batch    80  of  9,362.    Elapsed: 0:00:13.
INFO:root:  Batch   120  of  9,362.    Elapsed: 0:00:20.
INFO:root:  Batch   160  of  9,362.    Elapsed: 0:00:26.
INFO:root:  Batch   200  of  9,362.    Elapsed: 0:00:33.
INFO:root:  Batch   240  of  9,362.    Elapsed: 0:00:39.
INFO:root:  Batch   280  of  9,362.    Elapsed: 0:00:46.
INFO:root:  Batch   320  of  9,362.    Elapsed: 0:00:52.
INFO:root:  Batch   360  of  9,362.    Elapsed: 0:00:59.
INFO:root:  Batch   400  of  9,362.    Elapsed: 0:01:05.
INFO:root:  Batch   440  of  9,362.    Elapsed: 0:01:12.
INFO:root:  Batch   480  of  9,362.    Elapsed: 0:01:18.
INFO:root:  Batch   520  of  9,362.    Elapsed: 0:01:25.
INFO:root:  Batch   560  of  9,362.    Elapsed: 0:01:32.
INFO:root:  Batch   600  of  9,362.    Elapsed: 0:01:38.
INFO:root:  Batch   640  of  9,362.    Elapsed: 0:01:45.
INFO:root:  Batch   680  of  9,362.    Elapsed: 0:01:51.
INFO:root:  Batch   720  of  9,362.    Elapsed: 0:01:58.
INFO:root:  Batch   760  of  9,362.    Elapsed: 0:02:04.
INFO:root:  Batch   800  of  9,362.    Elapsed: 0:02:11.
INFO:root:  Batch   840  of  9,362.    Elapsed: 0:02:17.
INFO:root:  Batch   880  of  9,362.    Elapsed: 0:02:24.
INFO:root:  Batch   920  of  9,362.    Elapsed: 0:02:30.
INFO:root:  Batch   960  of  9,362.    Elapsed: 0:02:37.
INFO:root:  Batch 1,000  of  9,362.    Elapsed: 0:02:43.
INFO:root:  Batch 1,040  of  9,362.    Elapsed: 0:02:50.
INFO:root:  Batch 1,080  of  9,362.    Elapsed: 0:02:56.
INFO:root:  Batch 1,120  of  9,362.    Elapsed: 0:03:03.
INFO:root:  Batch 1,160  of  9,362.    Elapsed: 0:03:10.
INFO:root:  Batch 1,200  of  9,362.    Elapsed: 0:03:16.
INFO:root:  Batch 1,240  of  9,362.    Elapsed: 0:03:23.
INFO:root:  Batch 1,280  of  9,362.    Elapsed: 0:03:29.
INFO:root:  Batch 1,320  of  9,362.    Elapsed: 0:03:36.
INFO:root:  Batch 1,360  of  9,362.    Elapsed: 0:03:42.
INFO:root:  Batch 1,400  of  9,362.    Elapsed: 0:03:49.
INFO:root:  Batch 1,440  of  9,362.    Elapsed: 0:03:55.
INFO:root:  Batch 1,480  of  9,362.    Elapsed: 0:04:02.
INFO:root:  Batch 1,520  of  9,362.    Elapsed: 0:04:09.
INFO:root:  Batch 1,560  of  9,362.    Elapsed: 0:04:15.
INFO:root:  Batch 1,600  of  9,362.    Elapsed: 0:04:22.
INFO:root:  Batch 1,640  of  9,362.    Elapsed: 0:04:28.
INFO:root:  Batch 1,680  of  9,362.    Elapsed: 0:04:35.
INFO:root:  Batch 1,720  of  9,362.    Elapsed: 0:04:41.
INFO:root:  Batch 1,760  of  9,362.    Elapsed: 0:04:48.
INFO:root:  Batch 1,800  of  9,362.    Elapsed: 0:04:54.
INFO:root:  Batch 1,840  of  9,362.    Elapsed: 0:05:01.
INFO:root:  Batch 1,880  of  9,362.    Elapsed: 0:05:07.
INFO:root:  Batch 1,920  of  9,362.    Elapsed: 0:05:14.
INFO:root:  Batch 1,960  of  9,362.    Elapsed: 0:05:20.
INFO:root:  Batch 2,000  of  9,362.    Elapsed: 0:05:27.
INFO:root:  Batch 2,040  of  9,362.    Elapsed: 0:05:33.
INFO:root:  Batch 2,080  of  9,362.    Elapsed: 0:05:40.
INFO:root:  Batch 2,120  of  9,362.    Elapsed: 0:05:46.
INFO:root:  Batch 2,160  of  9,362.    Elapsed: 0:05:53.
INFO:root:  Batch 2,200  of  9,362.    Elapsed: 0:06:00.
INFO:root:  Batch 2,240  of  9,362.    Elapsed: 0:06:06.
INFO:root:  Batch 2,280  of  9,362.    Elapsed: 0:06:13.
INFO:root:  Batch 2,320  of  9,362.    Elapsed: 0:06:19.
INFO:root:  Batch 2,360  of  9,362.    Elapsed: 0:06:26.
INFO:root:  Batch 2,400  of  9,362.    Elapsed: 0:06:32.
INFO:root:  Batch 2,440  of  9,362.    Elapsed: 0:06:39.
INFO:root:  Batch 2,480  of  9,362.    Elapsed: 0:06:45.
INFO:root:  Batch 2,520  of  9,362.    Elapsed: 0:06:52.
INFO:root:  Batch 2,560  of  9,362.    Elapsed: 0:06:58.
INFO:root:  Batch 2,600  of  9,362.    Elapsed: 0:07:05.
INFO:root:  Batch 2,640  of  9,362.    Elapsed: 0:07:11.
INFO:root:  Batch 2,680  of  9,362.    Elapsed: 0:07:18.
INFO:root:  Batch 2,720  of  9,362.    Elapsed: 0:07:24.
INFO:root:  Batch 2,760  of  9,362.    Elapsed: 0:07:31.
INFO:root:  Batch 2,800  of  9,362.    Elapsed: 0:07:37.
INFO:root:  Batch 2,840  of  9,362.    Elapsed: 0:07:44.
INFO:root:  Batch 2,880  of  9,362.    Elapsed: 0:07:50.
INFO:root:  Batch 2,920  of  9,362.    Elapsed: 0:07:57.
INFO:root:  Batch 2,960  of  9,362.    Elapsed: 0:08:04.
INFO:root:  Batch 3,000  of  9,362.    Elapsed: 0:08:10.
INFO:root:  Batch 3,040  of  9,362.    Elapsed: 0:08:17.
INFO:root:  Batch 3,080  of  9,362.    Elapsed: 0:08:23.
INFO:root:  Batch 3,120  of  9,362.    Elapsed: 0:08:30.
INFO:root:  Batch 3,160  of  9,362.    Elapsed: 0:08:36.
INFO:root:  Batch 3,200  of  9,362.    Elapsed: 0:08:43.
INFO:root:  Batch 3,240  of  9,362.    Elapsed: 0:08:49.
INFO:root:  Batch 3,280  of  9,362.    Elapsed: 0:08:56.
INFO:root:  Batch 3,320  of  9,362.    Elapsed: 0:09:02.
INFO:root:  Batch 3,360  of  9,362.    Elapsed: 0:09:09.
INFO:root:  Batch 3,400  of  9,362.    Elapsed: 0:09:16.
INFO:root:  Batch 3,440  of  9,362.    Elapsed: 0:09:22.
INFO:root:  Batch 3,480  of  9,362.    Elapsed: 0:09:29.
INFO:root:  Batch 3,520  of  9,362.    Elapsed: 0:09:35.
INFO:root:  Batch 3,560  of  9,362.    Elapsed: 0:09:42.
INFO:root:  Batch 3,600  of  9,362.    Elapsed: 0:09:48.
INFO:root:  Batch 3,640  of  9,362.    Elapsed: 0:09:55.
INFO:root:  Batch 3,680  of  9,362.    Elapsed: 0:10:01.
INFO:root:  Batch 3,720  of  9,362.    Elapsed: 0:10:08.
INFO:root:  Batch 3,760  of  9,362.    Elapsed: 0:10:15.
INFO:root:  Batch 3,800  of  9,362.    Elapsed: 0:10:21.
INFO:root:  Batch 3,840  of  9,362.    Elapsed: 0:10:28.
INFO:root:  Batch 3,880  of  9,362.    Elapsed: 0:10:34.
INFO:root:  Batch 3,920  of  9,362.    Elapsed: 0:10:41.
INFO:root:  Batch 3,960  of  9,362.    Elapsed: 0:10:47.
INFO:root:  Batch 4,000  of  9,362.    Elapsed: 0:10:54.
INFO:root:  Batch 4,040  of  9,362.    Elapsed: 0:11:00.
INFO:root:  Batch 4,080  of  9,362.    Elapsed: 0:11:07.
INFO:root:  Batch 4,120  of  9,362.    Elapsed: 0:11:13.
INFO:root:  Batch 4,160  of  9,362.    Elapsed: 0:11:20.
INFO:root:  Batch 4,200  of  9,362.    Elapsed: 0:11:27.
INFO:root:  Batch 4,240  of  9,362.    Elapsed: 0:11:33.
INFO:root:  Batch 4,280  of  9,362.    Elapsed: 0:11:40.
INFO:root:  Batch 4,320  of  9,362.    Elapsed: 0:11:46.
INFO:root:  Batch 4,360  of  9,362.    Elapsed: 0:11:53.
INFO:root:  Batch 4,400  of  9,362.    Elapsed: 0:11:59.
INFO:root:  Batch 4,440  of  9,362.    Elapsed: 0:12:06.
INFO:root:  Batch 4,480  of  9,362.    Elapsed: 0:12:12.
INFO:root:  Batch 4,520  of  9,362.    Elapsed: 0:12:19.
INFO:root:  Batch 4,560  of  9,362.    Elapsed: 0:12:25.
INFO:root:  Batch 4,600  of  9,362.    Elapsed: 0:12:32.
INFO:root:  Batch 4,640  of  9,362.    Elapsed: 0:12:38.
INFO:root:  Batch 4,680  of  9,362.    Elapsed: 0:12:45.
INFO:root:  Batch 4,720  of  9,362.    Elapsed: 0:12:51.
INFO:root:  Batch 4,760  of  9,362.    Elapsed: 0:12:58.
INFO:root:  Batch 4,800  of  9,362.    Elapsed: 0:13:05.
INFO:root:  Batch 4,840  of  9,362.    Elapsed: 0:13:11.
INFO:root:  Batch 4,880  of  9,362.    Elapsed: 0:13:18.
INFO:root:  Batch 4,920  of  9,362.    Elapsed: 0:13:24.
INFO:root:  Batch 4,960  of  9,362.    Elapsed: 0:13:31.
INFO:root:  Batch 5,000  of  9,362.    Elapsed: 0:13:37.
INFO:root:  Batch 5,040  of  9,362.    Elapsed: 0:13:44.
INFO:root:  Batch 5,080  of  9,362.    Elapsed: 0:13:50.
INFO:root:  Batch 5,120  of  9,362.    Elapsed: 0:13:57.
INFO:root:  Batch 5,160  of  9,362.    Elapsed: 0:14:03.
INFO:root:  Batch 5,200  of  9,362.    Elapsed: 0:14:10.
INFO:root:  Batch 5,240  of  9,362.    Elapsed: 0:14:16.
INFO:root:  Batch 5,280  of  9,362.    Elapsed: 0:14:23.
INFO:root:  Batch 5,320  of  9,362.    Elapsed: 0:14:30.
INFO:root:  Batch 5,360  of  9,362.    Elapsed: 0:14:36.
INFO:root:  Batch 5,400  of  9,362.    Elapsed: 0:14:43.
INFO:root:  Batch 5,440  of  9,362.    Elapsed: 0:14:49.
INFO:root:  Batch 5,480  of  9,362.    Elapsed: 0:14:56.
INFO:root:  Batch 5,520  of  9,362.    Elapsed: 0:15:02.
INFO:root:  Batch 5,560  of  9,362.    Elapsed: 0:15:09.
INFO:root:  Batch 5,600  of  9,362.    Elapsed: 0:15:15.
INFO:root:  Batch 5,640  of  9,362.    Elapsed: 0:15:22.
INFO:root:  Batch 5,680  of  9,362.    Elapsed: 0:15:28.
INFO:root:  Batch 5,720  of  9,362.    Elapsed: 0:15:35.
INFO:root:  Batch 5,760  of  9,362.    Elapsed: 0:15:42.
INFO:root:  Batch 5,800  of  9,362.    Elapsed: 0:15:48.
INFO:root:  Batch 5,840  of  9,362.    Elapsed: 0:15:55.
INFO:root:  Batch 5,880  of  9,362.    Elapsed: 0:16:01.
INFO:root:  Batch 5,920  of  9,362.    Elapsed: 0:16:08.
INFO:root:  Batch 5,960  of  9,362.    Elapsed: 0:16:14.
INFO:root:  Batch 6,000  of  9,362.    Elapsed: 0:16:21.
INFO:root:  Batch 6,040  of  9,362.    Elapsed: 0:16:27.
INFO:root:  Batch 6,080  of  9,362.    Elapsed: 0:16:34.
INFO:root:  Batch 6,120  of  9,362.    Elapsed: 0:16:40.
INFO:root:  Batch 6,160  of  9,362.    Elapsed: 0:16:47.
INFO:root:  Batch 6,200  of  9,362.    Elapsed: 0:16:53.
INFO:root:  Batch 6,240  of  9,362.    Elapsed: 0:17:00.
INFO:root:  Batch 6,280  of  9,362.    Elapsed: 0:17:07.
INFO:root:  Batch 6,320  of  9,362.    Elapsed: 0:17:13.
INFO:root:  Batch 6,360  of  9,362.    Elapsed: 0:17:20.
INFO:root:  Batch 6,400  of  9,362.    Elapsed: 0:17:26.
INFO:root:  Batch 6,440  of  9,362.    Elapsed: 0:17:33.
INFO:root:  Batch 6,480  of  9,362.    Elapsed: 0:17:39.
INFO:root:  Batch 6,520  of  9,362.    Elapsed: 0:17:46.
INFO:root:  Batch 6,560  of  9,362.    Elapsed: 0:17:52.
INFO:root:  Batch 6,600  of  9,362.    Elapsed: 0:17:59.
INFO:root:  Batch 6,640  of  9,362.    Elapsed: 0:18:05.
INFO:root:  Batch 6,680  of  9,362.    Elapsed: 0:18:12.
INFO:root:  Batch 6,720  of  9,362.    Elapsed: 0:18:19.
INFO:root:  Batch 6,760  of  9,362.    Elapsed: 0:18:25.
INFO:root:  Batch 6,800  of  9,362.    Elapsed: 0:18:32.
INFO:root:  Batch 6,840  of  9,362.    Elapsed: 0:18:38.
INFO:root:  Batch 6,880  of  9,362.    Elapsed: 0:18:45.
INFO:root:  Batch 6,920  of  9,362.    Elapsed: 0:18:51.
INFO:root:  Batch 6,960  of  9,362.    Elapsed: 0:18:58.
INFO:root:  Batch 7,000  of  9,362.    Elapsed: 0:19:04.
INFO:root:  Batch 7,040  of  9,362.    Elapsed: 0:19:11.
INFO:root:  Batch 7,080  of  9,362.    Elapsed: 0:19:17.
INFO:root:  Batch 7,120  of  9,362.    Elapsed: 0:19:24.
INFO:root:  Batch 7,160  of  9,362.    Elapsed: 0:19:31.
INFO:root:  Batch 7,200  of  9,362.    Elapsed: 0:19:37.
INFO:root:  Batch 7,240  of  9,362.    Elapsed: 0:19:44.
INFO:root:  Batch 7,280  of  9,362.    Elapsed: 0:19:50.
INFO:root:  Batch 7,320  of  9,362.    Elapsed: 0:19:57.
INFO:root:  Batch 7,360  of  9,362.    Elapsed: 0:20:03.
INFO:root:  Batch 7,400  of  9,362.    Elapsed: 0:20:10.
INFO:root:  Batch 7,440  of  9,362.    Elapsed: 0:20:16.
INFO:root:  Batch 7,480  of  9,362.    Elapsed: 0:20:23.
INFO:root:  Batch 7,520  of  9,362.    Elapsed: 0:20:29.
INFO:root:  Batch 7,560  of  9,362.    Elapsed: 0:20:36.
INFO:root:  Batch 7,600  of  9,362.    Elapsed: 0:20:42.
INFO:root:  Batch 7,640  of  9,362.    Elapsed: 0:20:49.
INFO:root:  Batch 7,680  of  9,362.    Elapsed: 0:20:55.
INFO:root:  Batch 7,720  of  9,362.    Elapsed: 0:21:02.
INFO:root:  Batch 7,760  of  9,362.    Elapsed: 0:21:09.
INFO:root:  Batch 7,800  of  9,362.    Elapsed: 0:21:15.
INFO:root:  Batch 7,840  of  9,362.    Elapsed: 0:21:22.
INFO:root:  Batch 7,880  of  9,362.    Elapsed: 0:21:28.
INFO:root:  Batch 7,920  of  9,362.    Elapsed: 0:21:35.
INFO:root:  Batch 7,960  of  9,362.    Elapsed: 0:21:41.
INFO:root:  Batch 8,000  of  9,362.    Elapsed: 0:21:48.
INFO:root:  Batch 8,040  of  9,362.    Elapsed: 0:21:54.
INFO:root:  Batch 8,080  of  9,362.    Elapsed: 0:22:01.
INFO:root:  Batch 8,120  of  9,362.    Elapsed: 0:22:07.
INFO:root:  Batch 8,160  of  9,362.    Elapsed: 0:22:14.
INFO:root:  Batch 8,200  of  9,362.    Elapsed: 0:22:21.
INFO:root:  Batch 8,240  of  9,362.    Elapsed: 0:22:27.
INFO:root:  Batch 8,280  of  9,362.    Elapsed: 0:22:34.
INFO:root:  Batch 8,320  of  9,362.    Elapsed: 0:22:40.
INFO:root:  Batch 8,360  of  9,362.    Elapsed: 0:22:47.
INFO:root:  Batch 8,400  of  9,362.    Elapsed: 0:22:53.
INFO:root:  Batch 8,440  of  9,362.    Elapsed: 0:23:00.
INFO:root:  Batch 8,480  of  9,362.    Elapsed: 0:23:06.
INFO:root:  Batch 8,520  of  9,362.    Elapsed: 0:23:13.
INFO:root:  Batch 8,560  of  9,362.    Elapsed: 0:23:19.
INFO:root:  Batch 8,600  of  9,362.    Elapsed: 0:23:26.
INFO:root:  Batch 8,640  of  9,362.    Elapsed: 0:23:32.
INFO:root:  Batch 8,680  of  9,362.    Elapsed: 0:23:39.
INFO:root:  Batch 8,720  of  9,362.    Elapsed: 0:23:45.
INFO:root:  Batch 8,760  of  9,362.    Elapsed: 0:23:52.
INFO:root:  Batch 8,800  of  9,362.    Elapsed: 0:23:58.
INFO:root:  Batch 8,840  of  9,362.    Elapsed: 0:24:05.
INFO:root:  Batch 8,880  of  9,362.    Elapsed: 0:24:11.
INFO:root:  Batch 8,920  of  9,362.    Elapsed: 0:24:18.
INFO:root:  Batch 8,960  of  9,362.    Elapsed: 0:24:24.
INFO:root:  Batch 9,000  of  9,362.    Elapsed: 0:24:31.
INFO:root:  Batch 9,040  of  9,362.    Elapsed: 0:24:37.
INFO:root:  Batch 9,080  of  9,362.    Elapsed: 0:24:44.
INFO:root:  Batch 9,120  of  9,362.    Elapsed: 0:24:50.
INFO:root:  Batch 9,160  of  9,362.    Elapsed: 0:24:57.
INFO:root:  Batch 9,200  of  9,362.    Elapsed: 0:25:03.
INFO:root:  Batch 9,240  of  9,362.    Elapsed: 0:25:10.
INFO:root:  Batch 9,280  of  9,362.    Elapsed: 0:25:17.
INFO:root:  Batch 9,320  of  9,362.    Elapsed: 0:25:23.
INFO:root:  Batch 9,360  of  9,362.    Elapsed: 0:25:30.
INFO:root:
INFO:root:  Average training loss: 0.04
INFO:root:  Training epcoh took: 0:25:30
INFO:root:
INFO:root:Running Validation...
INFO:root:  Accuracy: 0.96
INFO:root:  Validation took: 0:02:49
INFO:root:======== Epoch 4 / 4 ========
INFO:root:Training...
INFO:root:  Batch    40  of  9,362.    Elapsed: 0:00:06.
INFO:root:  Batch    80  of  9,362.    Elapsed: 0:00:13.
INFO:root:  Batch   120  of  9,362.    Elapsed: 0:00:20.
INFO:root:  Batch   160  of  9,362.    Elapsed: 0:00:26.
INFO:root:  Batch   200  of  9,362.    Elapsed: 0:00:33.
INFO:root:  Batch   240  of  9,362.    Elapsed: 0:00:39.
INFO:root:  Batch   280  of  9,362.    Elapsed: 0:00:46.
INFO:root:  Batch   320  of  9,362.    Elapsed: 0:00:52.
INFO:root:  Batch   360  of  9,362.    Elapsed: 0:00:59.
INFO:root:  Batch   400  of  9,362.    Elapsed: 0:01:05.
INFO:root:  Batch   440  of  9,362.    Elapsed: 0:01:12.
INFO:root:  Batch   480  of  9,362.    Elapsed: 0:01:18.
INFO:root:  Batch   520  of  9,362.    Elapsed: 0:01:25.
INFO:root:  Batch   560  of  9,362.    Elapsed: 0:01:31.
INFO:root:  Batch   600  of  9,362.    Elapsed: 0:01:38.
INFO:root:  Batch   640  of  9,362.    Elapsed: 0:01:44.
INFO:root:  Batch   680  of  9,362.    Elapsed: 0:01:51.
INFO:root:  Batch   720  of  9,362.    Elapsed: 0:01:57.
INFO:root:  Batch   760  of  9,362.    Elapsed: 0:02:04.
INFO:root:  Batch   800  of  9,362.    Elapsed: 0:02:10.
INFO:root:  Batch   840  of  9,362.    Elapsed: 0:02:17.
INFO:root:  Batch   880  of  9,362.    Elapsed: 0:02:23.
INFO:root:  Batch   920  of  9,362.    Elapsed: 0:02:30.
INFO:root:  Batch   960  of  9,362.    Elapsed: 0:02:37.
INFO:root:  Batch 1,000  of  9,362.    Elapsed: 0:02:43.
INFO:root:  Batch 1,040  of  9,362.    Elapsed: 0:02:50.
INFO:root:  Batch 1,080  of  9,362.    Elapsed: 0:02:56.
INFO:root:  Batch 1,120  of  9,362.    Elapsed: 0:03:03.
INFO:root:  Batch 1,160  of  9,362.    Elapsed: 0:03:09.
INFO:root:  Batch 1,200  of  9,362.    Elapsed: 0:03:16.
INFO:root:  Batch 1,240  of  9,362.    Elapsed: 0:03:22.
INFO:root:  Batch 1,280  of  9,362.    Elapsed: 0:03:29.
INFO:root:  Batch 1,320  of  9,362.    Elapsed: 0:03:35.
INFO:root:  Batch 1,360  of  9,362.    Elapsed: 0:03:42.
INFO:root:  Batch 1,400  of  9,362.    Elapsed: 0:03:48.
INFO:root:  Batch 1,440  of  9,362.    Elapsed: 0:03:55.
INFO:root:  Batch 1,480  of  9,362.    Elapsed: 0:04:01.
INFO:root:  Batch 1,520  of  9,362.    Elapsed: 0:04:08.
INFO:root:  Batch 1,560  of  9,362.    Elapsed: 0:04:14.
INFO:root:  Batch 1,600  of  9,362.    Elapsed: 0:04:21.
INFO:root:  Batch 1,640  of  9,362.    Elapsed: 0:04:27.
INFO:root:  Batch 1,680  of  9,362.    Elapsed: 0:04:34.
INFO:root:  Batch 1,720  of  9,362.    Elapsed: 0:04:41.
INFO:root:  Batch 1,760  of  9,362.    Elapsed: 0:04:47.
INFO:root:  Batch 1,800  of  9,362.    Elapsed: 0:04:54.
INFO:root:  Batch 1,840  of  9,362.    Elapsed: 0:05:00.
INFO:root:  Batch 1,880  of  9,362.    Elapsed: 0:05:07.
INFO:root:  Batch 1,920  of  9,362.    Elapsed: 0:05:13.
INFO:root:  Batch 1,960  of  9,362.    Elapsed: 0:05:20.
INFO:root:  Batch 2,000  of  9,362.    Elapsed: 0:05:26.
INFO:root:  Batch 2,040  of  9,362.    Elapsed: 0:05:33.
INFO:root:  Batch 2,080  of  9,362.    Elapsed: 0:05:39.
INFO:root:  Batch 2,120  of  9,362.    Elapsed: 0:05:46.
INFO:root:  Batch 2,160  of  9,362.    Elapsed: 0:05:52.
INFO:root:  Batch 2,200  of  9,362.    Elapsed: 0:05:59.
INFO:root:  Batch 2,240  of  9,362.    Elapsed: 0:06:05.
INFO:root:  Batch 2,280  of  9,362.    Elapsed: 0:06:12.
INFO:root:  Batch 2,320  of  9,362.    Elapsed: 0:06:18.
INFO:root:  Batch 2,360  of  9,362.    Elapsed: 0:06:25.
INFO:root:  Batch 2,400  of  9,362.    Elapsed: 0:06:31.
INFO:root:  Batch 2,440  of  9,362.    Elapsed: 0:06:38.
INFO:root:  Batch 2,480  of  9,362.    Elapsed: 0:06:44.
INFO:root:  Batch 2,520  of  9,362.    Elapsed: 0:06:51.
INFO:root:  Batch 2,560  of  9,362.    Elapsed: 0:06:57.
INFO:root:  Batch 2,600  of  9,362.    Elapsed: 0:07:04.
INFO:root:  Batch 2,640  of  9,362.    Elapsed: 0:07:10.
INFO:root:  Batch 2,680  of  9,362.    Elapsed: 0:07:17.
INFO:root:  Batch 2,720  of  9,362.    Elapsed: 0:07:23.
INFO:root:  Batch 2,760  of  9,362.    Elapsed: 0:07:30.
INFO:root:  Batch 2,800  of  9,362.    Elapsed: 0:07:36.
INFO:root:  Batch 2,840  of  9,362.    Elapsed: 0:07:43.
INFO:root:  Batch 2,880  of  9,362.    Elapsed: 0:07:49.
INFO:root:  Batch 2,920  of  9,362.    Elapsed: 0:07:56.
INFO:root:  Batch 2,960  of  9,362.    Elapsed: 0:08:02.
INFO:root:  Batch 3,000  of  9,362.    Elapsed: 0:08:09.
INFO:root:  Batch 3,040  of  9,362.    Elapsed: 0:08:15.
INFO:root:  Batch 3,080  of  9,362.    Elapsed: 0:08:22.
INFO:root:  Batch 3,120  of  9,362.    Elapsed: 0:08:28.
INFO:root:  Batch 3,160  of  9,362.    Elapsed: 0:08:35.
INFO:root:  Batch 3,200  of  9,362.    Elapsed: 0:08:41.
INFO:root:  Batch 3,240  of  9,362.    Elapsed: 0:08:48.
INFO:root:  Batch 3,280  of  9,362.    Elapsed: 0:08:54.
INFO:root:  Batch 3,320  of  9,362.    Elapsed: 0:09:01.
INFO:root:  Batch 3,360  of  9,362.    Elapsed: 0:09:07.
INFO:root:  Batch 3,400  of  9,362.    Elapsed: 0:09:14.
INFO:root:  Batch 3,440  of  9,362.    Elapsed: 0:09:21.
INFO:root:  Batch 3,480  of  9,362.    Elapsed: 0:09:27.
INFO:root:  Batch 3,520  of  9,362.    Elapsed: 0:09:33.
INFO:root:  Batch 3,560  of  9,362.    Elapsed: 0:09:40.
INFO:root:  Batch 3,600  of  9,362.    Elapsed: 0:09:47.
INFO:root:  Batch 3,640  of  9,362.    Elapsed: 0:09:53.
INFO:root:  Batch 3,680  of  9,362.    Elapsed: 0:10:00.
INFO:root:  Batch 3,720  of  9,362.    Elapsed: 0:10:06.
INFO:root:  Batch 3,760  of  9,362.    Elapsed: 0:10:13.
INFO:root:  Batch 3,800  of  9,362.    Elapsed: 0:10:19.
INFO:root:  Batch 3,840  of  9,362.    Elapsed: 0:10:26.
INFO:root:  Batch 3,880  of  9,362.    Elapsed: 0:10:32.
INFO:root:  Batch 3,920  of  9,362.    Elapsed: 0:10:39.
INFO:root:  Batch 3,960  of  9,362.    Elapsed: 0:10:45.
INFO:root:  Batch 4,000  of  9,362.    Elapsed: 0:10:52.
INFO:root:  Batch 4,040  of  9,362.    Elapsed: 0:10:58.
INFO:root:  Batch 4,080  of  9,362.    Elapsed: 0:11:05.
INFO:root:  Batch 4,120  of  9,362.    Elapsed: 0:11:11.
INFO:root:  Batch 4,160  of  9,362.    Elapsed: 0:11:18.
INFO:root:  Batch 4,200  of  9,362.    Elapsed: 0:11:24.
INFO:root:  Batch 4,240  of  9,362.    Elapsed: 0:11:31.
INFO:root:  Batch 4,280  of  9,362.    Elapsed: 0:11:37.
INFO:root:  Batch 4,320  of  9,362.    Elapsed: 0:11:44.
INFO:root:  Batch 4,360  of  9,362.    Elapsed: 0:11:50.
INFO:root:  Batch 4,400  of  9,362.    Elapsed: 0:11:57.
INFO:root:  Batch 4,440  of  9,362.    Elapsed: 0:12:03.
INFO:root:  Batch 4,480  of  9,362.    Elapsed: 0:12:10.
INFO:root:  Batch 4,520  of  9,362.    Elapsed: 0:12:16.
INFO:root:  Batch 4,560  of  9,362.    Elapsed: 0:12:23.
INFO:root:  Batch 4,600  of  9,362.    Elapsed: 0:12:29.
INFO:root:  Batch 4,640  of  9,362.    Elapsed: 0:12:36.
INFO:root:  Batch 4,680  of  9,362.    Elapsed: 0:12:42.
INFO:root:  Batch 4,720  of  9,362.    Elapsed: 0:12:49.
INFO:root:  Batch 4,760  of  9,362.    Elapsed: 0:12:55.
INFO:root:  Batch 4,800  of  9,362.    Elapsed: 0:13:02.
INFO:root:  Batch 4,840  of  9,362.    Elapsed: 0:13:08.
INFO:root:  Batch 4,880  of  9,362.    Elapsed: 0:13:15.
INFO:root:  Batch 4,920  of  9,362.    Elapsed: 0:13:21.
INFO:root:  Batch 4,960  of  9,362.    Elapsed: 0:13:28.
INFO:root:  Batch 5,000  of  9,362.    Elapsed: 0:13:34.
INFO:root:  Batch 5,040  of  9,362.    Elapsed: 0:13:41.
INFO:root:  Batch 5,080  of  9,362.    Elapsed: 0:13:47.
INFO:root:  Batch 5,120  of  9,362.    Elapsed: 0:13:54.
INFO:root:  Batch 5,160  of  9,362.    Elapsed: 0:14:00.
INFO:root:  Batch 5,200  of  9,362.    Elapsed: 0:14:07.
INFO:root:  Batch 5,240  of  9,362.    Elapsed: 0:14:13.
INFO:root:  Batch 5,280  of  9,362.    Elapsed: 0:14:20.
INFO:root:  Batch 5,320  of  9,362.    Elapsed: 0:14:26.
INFO:root:  Batch 5,360  of  9,362.    Elapsed: 0:14:33.
INFO:root:  Batch 5,400  of  9,362.    Elapsed: 0:14:39.
INFO:root:  Batch 5,440  of  9,362.    Elapsed: 0:14:46.
INFO:root:  Batch 5,480  of  9,362.    Elapsed: 0:14:52.
INFO:root:  Batch 5,520  of  9,362.    Elapsed: 0:14:59.
INFO:root:  Batch 5,560  of  9,362.    Elapsed: 0:15:05.
INFO:root:  Batch 5,600  of  9,362.    Elapsed: 0:15:12.
INFO:root:  Batch 5,640  of  9,362.    Elapsed: 0:15:18.
INFO:root:  Batch 5,680  of  9,362.    Elapsed: 0:15:25.
INFO:root:  Batch 5,720  of  9,362.    Elapsed: 0:15:31.
INFO:root:  Batch 5,760  of  9,362.    Elapsed: 0:15:38.
INFO:root:  Batch 5,800  of  9,362.    Elapsed: 0:15:44.
INFO:root:  Batch 5,840  of  9,362.    Elapsed: 0:15:51.
INFO:root:  Batch 5,880  of  9,362.    Elapsed: 0:15:57.
INFO:root:  Batch 5,920  of  9,362.    Elapsed: 0:16:04.
INFO:root:  Batch 5,960  of  9,362.    Elapsed: 0:16:10.
INFO:root:  Batch 6,000  of  9,362.    Elapsed: 0:16:17.
INFO:root:  Batch 6,040  of  9,362.    Elapsed: 0:16:24.
INFO:root:  Batch 6,080  of  9,362.    Elapsed: 0:16:30.
INFO:root:  Batch 6,120  of  9,362.    Elapsed: 0:16:36.
INFO:root:  Batch 6,160  of  9,362.    Elapsed: 0:16:43.
INFO:root:  Batch 6,200  of  9,362.    Elapsed: 0:16:50.
INFO:root:  Batch 6,240  of  9,362.    Elapsed: 0:16:56.
INFO:root:  Batch 6,280  of  9,362.    Elapsed: 0:17:03.
INFO:root:  Batch 6,320  of  9,362.    Elapsed: 0:17:09.
INFO:root:  Batch 6,360  of  9,362.    Elapsed: 0:17:16.
INFO:root:  Batch 6,400  of  9,362.    Elapsed: 0:17:22.
INFO:root:  Batch 6,440  of  9,362.    Elapsed: 0:17:29.
INFO:root:  Batch 6,480  of  9,362.    Elapsed: 0:17:35.
INFO:root:  Batch 6,520  of  9,362.    Elapsed: 0:17:42.
INFO:root:  Batch 6,560  of  9,362.    Elapsed: 0:17:48.
INFO:root:  Batch 6,600  of  9,362.    Elapsed: 0:17:55.
INFO:root:  Batch 6,640  of  9,362.    Elapsed: 0:18:01.
INFO:root:  Batch 6,680  of  9,362.    Elapsed: 0:18:08.
INFO:root:  Batch 6,720  of  9,362.    Elapsed: 0:18:14.
INFO:root:  Batch 6,760  of  9,362.    Elapsed: 0:18:21.
INFO:root:  Batch 6,800  of  9,362.    Elapsed: 0:18:27.
INFO:root:  Batch 6,840  of  9,362.    Elapsed: 0:18:34.
INFO:root:  Batch 6,880  of  9,362.    Elapsed: 0:18:40.
INFO:root:  Batch 6,920  of  9,362.    Elapsed: 0:18:47.
INFO:root:  Batch 6,960  of  9,362.    Elapsed: 0:18:53.
INFO:root:  Batch 7,000  of  9,362.    Elapsed: 0:19:00.
INFO:root:  Batch 7,040  of  9,362.    Elapsed: 0:19:06.
INFO:root:  Batch 7,080  of  9,362.    Elapsed: 0:19:13.
INFO:root:  Batch 7,120  of  9,362.    Elapsed: 0:19:19.
INFO:root:  Batch 7,160  of  9,362.    Elapsed: 0:19:26.
INFO:root:  Batch 7,200  of  9,362.    Elapsed: 0:19:32.
INFO:root:  Batch 7,240  of  9,362.    Elapsed: 0:19:39.
INFO:root:  Batch 7,280  of  9,362.    Elapsed: 0:19:45.
INFO:root:  Batch 7,320  of  9,362.    Elapsed: 0:19:52.
INFO:root:  Batch 7,360  of  9,362.    Elapsed: 0:19:58.
INFO:root:  Batch 7,400  of  9,362.    Elapsed: 0:20:05.
INFO:root:  Batch 7,440  of  9,362.    Elapsed: 0:20:11.
INFO:root:  Batch 7,480  of  9,362.    Elapsed: 0:20:18.
INFO:root:  Batch 7,520  of  9,362.    Elapsed: 0:20:24.
INFO:root:  Batch 7,560  of  9,362.    Elapsed: 0:20:31.
INFO:root:  Batch 7,600  of  9,362.    Elapsed: 0:20:37.
INFO:root:  Batch 7,640  of  9,362.    Elapsed: 0:20:44.
INFO:root:  Batch 7,680  of  9,362.    Elapsed: 0:20:50.
INFO:root:  Batch 7,720  of  9,362.    Elapsed: 0:20:57.
INFO:root:  Batch 7,760  of  9,362.    Elapsed: 0:21:03.
INFO:root:  Batch 7,800  of  9,362.    Elapsed: 0:21:10.
INFO:root:  Batch 7,840  of  9,362.    Elapsed: 0:21:16.
INFO:root:  Batch 7,880  of  9,362.    Elapsed: 0:21:23.
INFO:root:  Batch 7,920  of  9,362.    Elapsed: 0:21:29.
INFO:root:  Batch 7,960  of  9,362.    Elapsed: 0:21:36.
INFO:root:  Batch 8,000  of  9,362.    Elapsed: 0:21:42.
INFO:root:  Batch 8,040  of  9,362.    Elapsed: 0:21:49.
INFO:root:  Batch 8,080  of  9,362.    Elapsed: 0:21:55.
INFO:root:  Batch 8,120  of  9,362.    Elapsed: 0:22:02.
INFO:root:  Batch 8,160  of  9,362.    Elapsed: 0:22:08.
INFO:root:  Batch 8,200  of  9,362.    Elapsed: 0:22:15.
INFO:root:  Batch 8,240  of  9,362.    Elapsed: 0:22:21.
INFO:root:  Batch 8,280  of  9,362.    Elapsed: 0:22:28.
INFO:root:  Batch 8,320  of  9,362.    Elapsed: 0:22:34.
INFO:root:  Batch 8,360  of  9,362.    Elapsed: 0:22:41.
INFO:root:  Batch 8,400  of  9,362.    Elapsed: 0:22:47.
INFO:root:  Batch 8,440  of  9,362.    Elapsed: 0:22:54.
INFO:root:  Batch 8,480  of  9,362.    Elapsed: 0:23:00.
INFO:root:  Batch 8,520  of  9,362.    Elapsed: 0:23:07.
INFO:root:  Batch 8,560  of  9,362.    Elapsed: 0:23:13.
INFO:root:  Batch 8,600  of  9,362.    Elapsed: 0:23:20.
INFO:root:  Batch 8,640  of  9,362.    Elapsed: 0:23:26.
INFO:root:  Batch 8,680  of  9,362.    Elapsed: 0:23:33.
INFO:root:  Batch 8,720  of  9,362.    Elapsed: 0:23:39.
INFO:root:  Batch 8,760  of  9,362.    Elapsed: 0:23:46.
INFO:root:  Batch 8,800  of  9,362.    Elapsed: 0:23:52.
INFO:root:  Batch 8,840  of  9,362.    Elapsed: 0:23:59.
INFO:root:  Batch 8,880  of  9,362.    Elapsed: 0:24:05.
INFO:root:  Batch 8,920  of  9,362.    Elapsed: 0:24:12.
INFO:root:  Batch 8,960  of  9,362.    Elapsed: 0:24:18.
INFO:root:  Batch 9,000  of  9,362.    Elapsed: 0:24:25.
INFO:root:  Batch 9,040  of  9,362.    Elapsed: 0:24:31.
INFO:root:  Batch 9,080  of  9,362.    Elapsed: 0:24:38.
INFO:root:  Batch 9,120  of  9,362.    Elapsed: 0:24:44.
INFO:root:  Batch 9,160  of  9,362.    Elapsed: 0:24:51.
INFO:root:  Batch 9,200  of  9,362.    Elapsed: 0:24:57.
INFO:root:  Batch 9,240  of  9,362.    Elapsed: 0:25:04.
INFO:root:  Batch 9,280  of  9,362.    Elapsed: 0:25:10.
INFO:root:  Batch 9,320  of  9,362.    Elapsed: 0:25:17.
INFO:root:  Batch 9,360  of  9,362.    Elapsed: 0:25:23.
INFO:root:
INFO:root:  Average training loss: 0.02
INFO:root:  Training epcoh took: 0:25:23
INFO:root:
INFO:root:Running Validation...
INFO:root:  Accuracy: 0.96
INFO:root:  Validation took: 0:02:49
INFO:root:
INFO:root:Training complete!
